This file contains any messages produced by compilers while
running configure, to aid debugging if configure makes a mistake.

It was created by Protocol Buffers configure 2.5.0, which was
generated by GNU Autoconf 2.69.  Invocation command line was

  $ ./configure --host=arm-eabi --with-sysroot= CC=/Users/freeman/android-ndk-r8c/toolchains/arm-linux-androideabi-4.4.3/prebuilt/darwin-x86/bin/arm-linux-androideabi-gcc --enable-cross-compile --with-protoc=protoc LIBS=-lc host_alias=arm-eabi CFLAGS=-fPIC -DANDROID -nostdlib LDFLAGS=-Wl,-rpath-link=/Users/freeman/android-ndk-r8c/platforms/android-9/arch-arm/usr/lib/ -L/Users/freeman/android-ndk-r8c/platforms/android-9/arch-arm/usr/lib/ CPPFLAGS=-I/Users/freeman/android-ndk-r8c/platforms/android-9/arch-arm/usr/include/ --no-create --no-recursion

## --------- ##
## Platform. ##
## --------- ##

hostname = Alexs-MacBook-Pro.local
uname -m = x86_64
uname -r = 12.3.0
uname -s = Darwin
uname -v = Darwin Kernel Version 12.3.0: Sun Jan  6 22:37:10 PST 2013; root:xnu-2050.22.13~1/RELEASE_X86_64

/usr/bin/uname -p = i386
/bin/uname -X     = unknown

/bin/arch              = unknown
/usr/bin/arch -k       = unknown
/usr/convex/getsysinfo = unknown
/usr/bin/hostinfo      = Mach kernel version:
	 Darwin Kernel Version 12.3.0: Sun Jan  6 22:37:10 PST 2013; root:xnu-2050.22.13~1/RELEASE_X86_64
Kernel configured for up to 8 processors.
4 processors are physically available.
8 processors are logically available.
Processor type: i486 (Intel 80486)
Processors active: 0 1 2 3 4 5 6 7
Primary memory available: 16.00 gigabytes
Default processor set: 181 tasks, 1067 threads, 8 processors
Load average: 1.66, Mach factor: 6.33
/bin/machine           = unknown
/usr/bin/oslevel       = unknown
/bin/universe          = unknown

PATH: /Users/freeman/adt-bundle-mac/sdk/platform-tools
PATH: /usr/local/sbin
PATH: /usr/local/bin
PATH: /Users/freeman/bin
PATH: /usr/bin
PATH: /bin
PATH: /usr/sbin
PATH: /sbin
PATH: /usr/local/bin
PATH: /opt/X11/bin


## ----------- ##
## Core tests. ##
## ----------- ##

configure:2473: checking whether to enable maintainer-specific portions of Makefiles
configure:2482: result: yes
configure:2543: checking build system type
configure:2557: result: i386-apple-darwin12.3.0
configure:2577: checking host system type
configure:2590: result: arm-unknown-eabi
configure:2610: checking target system type
configure:2623: result: arm-unknown-eabi
configure:2666: checking for a BSD-compatible install
configure:2734: result: /usr/bin/install -c
configure:2745: checking whether build environment is sane
configure:2795: result: yes
configure:2844: checking for arm-eabi-strip
configure:2874: result: no
configure:2884: checking for strip
configure:2900: found /usr/bin/strip
configure:2911: result: strip
configure:2936: checking for a thread-safe mkdir -p
configure:2975: result: ./install-sh -c -d
configure:2988: checking for gawk
configure:3018: result: no
configure:2988: checking for mawk
configure:3018: result: no
configure:2988: checking for nawk
configure:3018: result: no
configure:2988: checking for awk
configure:3004: found /usr/bin/awk
configure:3015: result: awk
configure:3026: checking whether make sets $(MAKE)
configure:3048: result: yes
configure:3156: checking for arm-eabi-gcc
configure:3183: result: /Users/freeman/android-ndk-r8c/toolchains/arm-linux-androideabi-4.4.3/prebuilt/darwin-x86/bin/arm-linux-androideabi-gcc
configure:3452: checking for C compiler version
configure:3461: /Users/freeman/android-ndk-r8c/toolchains/arm-linux-androideabi-4.4.3/prebuilt/darwin-x86/bin/arm-linux-androideabi-gcc --version >&5
arm-linux-androideabi-gcc (GCC) 4.4.3
Copyright (C) 2009 Free Software Foundation, Inc.
This is free software; see the source for copying conditions.  There is NO
warranty; not even for MERCHANTABILITY or FITNESS FOR A PARTICULAR PURPOSE.

configure:3472: $? = 0
configure:3461: /Users/freeman/android-ndk-r8c/toolchains/arm-linux-androideabi-4.4.3/prebuilt/darwin-x86/bin/arm-linux-androideabi-gcc -v >&5
Using built-in specs.
Target: arm-linux-androideabi
Configured with: /Users/User/ndk-User/src/build/../gcc/gcc-4.4.3/configure --prefix=/tmp/ndk-User/build/toolchain/prefix --target=arm-linux-androideabi --host=i686-apple-darwin --build=i686-apple-darwin --with-gnu-as --with-gnu-ld --enable-languages=c,c++ --with-gmp=/tmp/ndk-User/build/toolchain/temp-install --with-mpfr=/tmp/ndk-User/build/toolchain/temp-install --without-ppl --without-cloog --disable-libssp --enable-threads --disable-nls --disable-libmudflap --disable-libgomp --disable-libstdc__-v3 --disable-sjlj-exceptions --disable-shared --disable-tls --disable-libitm --with-float=soft --with-fpu=vfp --with-arch=armv5te --enable-target-optspace --enable-initfini-array --disable-nls --prefix=/tmp/ndk-User/build/toolchain/prefix --with-sysroot=/tmp/ndk-User/build/toolchain/prefix/sysroot --with-binutils-version=2.19 --with-mpfr-version=2.4.1 --with-mpc-version=0.8.1 --with-gmp-version=5.0.5 --with-gcc-version=4.4.3 --with-gdb-version=7.3.x --with-gxx-include-dir=/tmp/ndk-User/build/toolchain/prefix/include/c++/4.4.3 --disable-bootstrap --disable-libquadmath --disable-plugin --with-arch=armv5te --program-transform-name='s&^&arm-linux-androideabi-&'
Thread model: posix
gcc version 4.4.3 (GCC) 
configure:3472: $? = 0
configure:3461: /Users/freeman/android-ndk-r8c/toolchains/arm-linux-androideabi-4.4.3/prebuilt/darwin-x86/bin/arm-linux-androideabi-gcc -V >&5
arm-linux-androideabi-gcc: '-V' option must have argument
configure:3472: $? = 1
configure:3461: /Users/freeman/android-ndk-r8c/toolchains/arm-linux-androideabi-4.4.3/prebuilt/darwin-x86/bin/arm-linux-androideabi-gcc -qversion >&5
arm-linux-androideabi-gcc: unrecognized option '-qversion'
arm-linux-androideabi-gcc: no input files
configure:3472: $? = 1
configure:3492: checking whether the C compiler works
configure:3514: /Users/freeman/android-ndk-r8c/toolchains/arm-linux-androideabi-4.4.3/prebuilt/darwin-x86/bin/arm-linux-androideabi-gcc -fPIC -DANDROID -nostdlib -I/Users/freeman/android-ndk-r8c/platforms/android-9/arch-arm/usr/include/ -Wl,-rpath-link=/Users/freeman/android-ndk-r8c/platforms/android-9/arch-arm/usr/lib/ -L/Users/freeman/android-ndk-r8c/platforms/android-9/arch-arm/usr/lib/ conftest.c -lc >&5
/Users/freeman/android-ndk-r8c/toolchains/arm-linux-androideabi-4.4.3/prebuilt/darwin-x86/bin/../lib/gcc/arm-linux-androideabi/4.4.3/../../../../arm-linux-androideabi/bin/ld: warning: cannot find entry symbol _start; defaulting to 000081b0
configure:3518: $? = 0
configure:3566: result: yes
configure:3569: checking for C compiler default output file name
configure:3571: result: a.out
configure:3577: checking for suffix of executables
configure:3584: /Users/freeman/android-ndk-r8c/toolchains/arm-linux-androideabi-4.4.3/prebuilt/darwin-x86/bin/arm-linux-androideabi-gcc -o conftest -fPIC -DANDROID -nostdlib -I/Users/freeman/android-ndk-r8c/platforms/android-9/arch-arm/usr/include/ -Wl,-rpath-link=/Users/freeman/android-ndk-r8c/platforms/android-9/arch-arm/usr/lib/ -L/Users/freeman/android-ndk-r8c/platforms/android-9/arch-arm/usr/lib/ conftest.c -lc >&5
/Users/freeman/android-ndk-r8c/toolchains/arm-linux-androideabi-4.4.3/prebuilt/darwin-x86/bin/../lib/gcc/arm-linux-androideabi/4.4.3/../../../../arm-linux-androideabi/bin/ld: warning: cannot find entry symbol _start; defaulting to 000081b0
configure:3588: $? = 0
configure:3610: result: 
configure:3632: checking whether we are cross compiling
configure:3640: /Users/freeman/android-ndk-r8c/toolchains/arm-linux-androideabi-4.4.3/prebuilt/darwin-x86/bin/arm-linux-androideabi-gcc -o conftest -fPIC -DANDROID -nostdlib -I/Users/freeman/android-ndk-r8c/platforms/android-9/arch-arm/usr/include/ -Wl,-rpath-link=/Users/freeman/android-ndk-r8c/platforms/android-9/arch-arm/usr/lib/ -L/Users/freeman/android-ndk-r8c/platforms/android-9/arch-arm/usr/lib/ conftest.c -lc >&5
/Users/freeman/android-ndk-r8c/toolchains/arm-linux-androideabi-4.4.3/prebuilt/darwin-x86/bin/../lib/gcc/arm-linux-androideabi/4.4.3/../../../../arm-linux-androideabi/bin/ld: warning: cannot find entry symbol _start; defaulting to 00008220
configure:3644: $? = 0
configure:3651: ./conftest
./configure: line 3653: ./conftest: cannot execute binary file
configure:3655: $? = 126
configure:3670: result: yes
configure:3675: checking for suffix of object files
configure:3697: /Users/freeman/android-ndk-r8c/toolchains/arm-linux-androideabi-4.4.3/prebuilt/darwin-x86/bin/arm-linux-androideabi-gcc -c -fPIC -DANDROID -nostdlib -I/Users/freeman/android-ndk-r8c/platforms/android-9/arch-arm/usr/include/ conftest.c >&5
configure:3701: $? = 0
configure:3722: result: o
configure:3726: checking whether we are using the GNU C compiler
configure:3745: /Users/freeman/android-ndk-r8c/toolchains/arm-linux-androideabi-4.4.3/prebuilt/darwin-x86/bin/arm-linux-androideabi-gcc -c -fPIC -DANDROID -nostdlib -I/Users/freeman/android-ndk-r8c/platforms/android-9/arch-arm/usr/include/ conftest.c >&5
configure:3745: $? = 0
configure:3754: result: yes
configure:3763: checking whether /Users/freeman/android-ndk-r8c/toolchains/arm-linux-androideabi-4.4.3/prebuilt/darwin-x86/bin/arm-linux-androideabi-gcc accepts -g
configure:3783: /Users/freeman/android-ndk-r8c/toolchains/arm-linux-androideabi-4.4.3/prebuilt/darwin-x86/bin/arm-linux-androideabi-gcc -c -g -I/Users/freeman/android-ndk-r8c/platforms/android-9/arch-arm/usr/include/ conftest.c >&5
configure:3783: $? = 0
configure:3824: result: yes
configure:3841: checking for /Users/freeman/android-ndk-r8c/toolchains/arm-linux-androideabi-4.4.3/prebuilt/darwin-x86/bin/arm-linux-androideabi-gcc option to accept ISO C89
configure:3904: /Users/freeman/android-ndk-r8c/toolchains/arm-linux-androideabi-4.4.3/prebuilt/darwin-x86/bin/arm-linux-androideabi-gcc  -c -fPIC -DANDROID -nostdlib -I/Users/freeman/android-ndk-r8c/platforms/android-9/arch-arm/usr/include/ conftest.c >&5
configure:3904: $? = 0
configure:3917: result: none needed
configure:3948: checking for style of include used by make
configure:3976: result: GNU
configure:4002: checking dependency style of /Users/freeman/android-ndk-r8c/toolchains/arm-linux-androideabi-4.4.3/prebuilt/darwin-x86/bin/arm-linux-androideabi-gcc
configure:4113: result: gcc3
configure:4142: checking for arm-eabi-g++
configure:4172: result: no
configure:4142: checking for arm-eabi-c++
configure:4172: result: no
configure:4142: checking for arm-eabi-gpp
configure:4172: result: no
configure:4142: checking for arm-eabi-aCC
configure:4172: result: no
configure:4142: checking for arm-eabi-CC
configure:4172: result: no
configure:4142: checking for arm-eabi-cxx
configure:4172: result: no
configure:4142: checking for arm-eabi-cc++
configure:4172: result: no
configure:4142: checking for arm-eabi-cl.exe
configure:4172: result: no
configure:4142: checking for arm-eabi-FCC
configure:4172: result: no
configure:4142: checking for arm-eabi-KCC
configure:4172: result: no
configure:4142: checking for arm-eabi-RCC
configure:4172: result: no
configure:4142: checking for arm-eabi-xlC_r
configure:4172: result: no
configure:4142: checking for arm-eabi-xlC
configure:4172: result: no
configure:4186: checking for g++
configure:4202: found /usr/bin/g++
configure:4213: result: g++
configure:4229: WARNING: using cross tools not prefixed with host triplet
configure:4240: checking for C++ compiler version
configure:4249: g++ --version >&5
i686-apple-darwin11-llvm-g++-4.2 (GCC) 4.2.1 (Based on Apple Inc. build 5658) (LLVM build 2336.11.00)
Copyright (C) 2007 Free Software Foundation, Inc.
This is free software; see the source for copying conditions.  There is NO
warranty; not even for MERCHANTABILITY or FITNESS FOR A PARTICULAR PURPOSE.

configure:4260: $? = 0
configure:4249: g++ -v >&5
Using built-in specs.
Target: i686-apple-darwin11
Configured with: /private/var/tmp/llvmgcc42/llvmgcc42-2336.11~182/src/configure --disable-checking --enable-werror --prefix=/Applications/Xcode.app/Contents/Developer/usr/llvm-gcc-4.2 --mandir=/share/man --enable-languages=c,objc,c++,obj-c++ --program-prefix=llvm- --program-transform-name=/^[cg][^.-]*$/s/$/-4.2/ --with-slibdir=/usr/lib --build=i686-apple-darwin11 --enable-llvm=/private/var/tmp/llvmgcc42/llvmgcc42-2336.11~182/dst-llvmCore/Developer/usr/local --program-prefix=i686-apple-darwin11- --host=x86_64-apple-darwin11 --target=i686-apple-darwin11 --with-gxx-include-dir=/usr/include/c++/4.2.1
Thread model: posix
gcc version 4.2.1 (Based on Apple Inc. build 5658) (LLVM build 2336.11.00)
configure:4260: $? = 0
configure:4249: g++ -V >&5
llvm-g++-4.2: argument to `-V' is missing
configure:4260: $? = 1
configure:4249: g++ -qversion >&5
i686-apple-darwin11-llvm-g++-4.2: no input files
configure:4260: $? = 1
configure:4264: checking whether we are using the GNU C++ compiler
configure:4283: g++ -c  -I/Users/freeman/android-ndk-r8c/platforms/android-9/arch-arm/usr/include/ conftest.cpp >&5
configure:4283: $? = 0
configure:4292: result: yes
configure:4301: checking whether g++ accepts -g
configure:4321: g++ -c -g -I/Users/freeman/android-ndk-r8c/platforms/android-9/arch-arm/usr/include/ conftest.cpp >&5
configure:4321: $? = 0
configure:4362: result: yes
configure:4387: checking dependency style of g++
configure:4498: result: gcc3
configure:4525: checking how to run the C++ preprocessor
configure:4552: g++ -E -I/Users/freeman/android-ndk-r8c/platforms/android-9/arch-arm/usr/include/ conftest.cpp
configure:4552: $? = 0
configure:4566: g++ -E -I/Users/freeman/android-ndk-r8c/platforms/android-9/arch-arm/usr/include/ conftest.cpp
conftest.cpp:11:28: error: ac_nonexistent.h: No such file or directory
configure:4566: $? = 1
configure: failed program was:
| /* confdefs.h */
| #define PACKAGE_NAME "Protocol Buffers"
| #define PACKAGE_TARNAME "protobuf"
| #define PACKAGE_VERSION "2.5.0"
| #define PACKAGE_STRING "Protocol Buffers 2.5.0"
| #define PACKAGE_BUGREPORT "protobuf@googlegroups.com"
| #define PACKAGE_URL ""
| #define PACKAGE "protobuf"
| #define VERSION "2.5.0"
| /* end confdefs.h.  */
| #include <ac_nonexistent.h>
configure:4591: result: g++ -E
configure:4611: g++ -E -I/Users/freeman/android-ndk-r8c/platforms/android-9/arch-arm/usr/include/ conftest.cpp
configure:4611: $? = 0
configure:4625: g++ -E -I/Users/freeman/android-ndk-r8c/platforms/android-9/arch-arm/usr/include/ conftest.cpp
conftest.cpp:11:28: error: ac_nonexistent.h: No such file or directory
configure:4625: $? = 1
configure: failed program was:
| /* confdefs.h */
| #define PACKAGE_NAME "Protocol Buffers"
| #define PACKAGE_TARNAME "protobuf"
| #define PACKAGE_VERSION "2.5.0"
| #define PACKAGE_STRING "Protocol Buffers 2.5.0"
| #define PACKAGE_BUGREPORT "protobuf@googlegroups.com"
| #define PACKAGE_URL ""
| #define PACKAGE "protobuf"
| #define VERSION "2.5.0"
| /* end confdefs.h.  */
| #include <ac_nonexistent.h>
configure:4654: checking for grep that handles long lines and -e
configure:4712: result: /usr/bin/grep
configure:4717: checking for egrep
configure:4779: result: /usr/bin/grep -E
configure:4784: checking for ANSI C header files
configure:4804: g++ -c  -I/Users/freeman/android-ndk-r8c/platforms/android-9/arch-arm/usr/include/ conftest.cpp >&5
configure:4804: $? = 0
configure:4888: result: yes
configure:4901: checking for sys/types.h
configure:4901: g++ -c  -I/Users/freeman/android-ndk-r8c/platforms/android-9/arch-arm/usr/include/ conftest.cpp >&5
In file included from /Users/freeman/android-ndk-r8c/platforms/android-9/arch-arm/usr/include/stdio.h:55,
                 from conftest.cpp:12:
/Users/freeman/android-ndk-r8c/platforms/android-9/arch-arm/usr/include/sys/types.h:90: error: conflicting declaration 'typedef unsigned int size_t'
/Users/freeman/android-ndk-r8c/platforms/android-9/arch-arm/usr/include/machine/_types.h:44: error: 'size_t' has a previous declaration as 'typedef long unsigned int size_t'
configure:4901: $? = 1
configure: failed program was:
| /* confdefs.h */
| #define PACKAGE_NAME "Protocol Buffers"
| #define PACKAGE_TARNAME "protobuf"
| #define PACKAGE_VERSION "2.5.0"
| #define PACKAGE_STRING "Protocol Buffers 2.5.0"
| #define PACKAGE_BUGREPORT "protobuf@googlegroups.com"
| #define PACKAGE_URL ""
| #define PACKAGE "protobuf"
| #define VERSION "2.5.0"
| #define STDC_HEADERS 1
| /* end confdefs.h.  */
| #include <stdio.h>
| #ifdef HAVE_SYS_TYPES_H
| # include <sys/types.h>
| #endif
| #ifdef HAVE_SYS_STAT_H
| # include <sys/stat.h>
| #endif
| #ifdef STDC_HEADERS
| # include <stdlib.h>
| # include <stddef.h>
| #else
| # ifdef HAVE_STDLIB_H
| #  include <stdlib.h>
| # endif
| #endif
| #ifdef HAVE_STRING_H
| # if !defined STDC_HEADERS && defined HAVE_MEMORY_H
| #  include <memory.h>
| # endif
| # include <string.h>
| #endif
| #ifdef HAVE_STRINGS_H
| # include <strings.h>
| #endif
| #ifdef HAVE_INTTYPES_H
| # include <inttypes.h>
| #endif
| #ifdef HAVE_STDINT_H
| # include <stdint.h>
| #endif
| #ifdef HAVE_UNISTD_H
| # include <unistd.h>
| #endif
| 
| #include <sys/types.h>
configure:4901: result: no
configure:4901: checking for sys/stat.h
configure:4901: g++ -c  -I/Users/freeman/android-ndk-r8c/platforms/android-9/arch-arm/usr/include/ conftest.cpp >&5
In file included from /Users/freeman/android-ndk-r8c/platforms/android-9/arch-arm/usr/include/stdio.h:55,
                 from conftest.cpp:12:
/Users/freeman/android-ndk-r8c/platforms/android-9/arch-arm/usr/include/sys/types.h:90: error: conflicting declaration 'typedef unsigned int size_t'
/Users/freeman/android-ndk-r8c/platforms/android-9/arch-arm/usr/include/machine/_types.h:44: error: 'size_t' has a previous declaration as 'typedef long unsigned int size_t'
configure:4901: $? = 1
configure: failed program was:
| /* confdefs.h */
| #define PACKAGE_NAME "Protocol Buffers"
| #define PACKAGE_TARNAME "protobuf"
| #define PACKAGE_VERSION "2.5.0"
| #define PACKAGE_STRING "Protocol Buffers 2.5.0"
| #define PACKAGE_BUGREPORT "protobuf@googlegroups.com"
| #define PACKAGE_URL ""
| #define PACKAGE "protobuf"
| #define VERSION "2.5.0"
| #define STDC_HEADERS 1
| /* end confdefs.h.  */
| #include <stdio.h>
| #ifdef HAVE_SYS_TYPES_H
| # include <sys/types.h>
| #endif
| #ifdef HAVE_SYS_STAT_H
| # include <sys/stat.h>
| #endif
| #ifdef STDC_HEADERS
| # include <stdlib.h>
| # include <stddef.h>
| #else
| # ifdef HAVE_STDLIB_H
| #  include <stdlib.h>
| # endif
| #endif
| #ifdef HAVE_STRING_H
| # if !defined STDC_HEADERS && defined HAVE_MEMORY_H
| #  include <memory.h>
| # endif
| # include <string.h>
| #endif
| #ifdef HAVE_STRINGS_H
| # include <strings.h>
| #endif
| #ifdef HAVE_INTTYPES_H
| # include <inttypes.h>
| #endif
| #ifdef HAVE_STDINT_H
| # include <stdint.h>
| #endif
| #ifdef HAVE_UNISTD_H
| # include <unistd.h>
| #endif
| 
| #include <sys/stat.h>
configure:4901: result: no
configure:4901: checking for stdlib.h
configure:4901: g++ -c  -I/Users/freeman/android-ndk-r8c/platforms/android-9/arch-arm/usr/include/ conftest.cpp >&5
In file included from /Users/freeman/android-ndk-r8c/platforms/android-9/arch-arm/usr/include/stdio.h:55,
                 from conftest.cpp:12:
/Users/freeman/android-ndk-r8c/platforms/android-9/arch-arm/usr/include/sys/types.h:90: error: conflicting declaration 'typedef unsigned int size_t'
/Users/freeman/android-ndk-r8c/platforms/android-9/arch-arm/usr/include/machine/_types.h:44: error: 'size_t' has a previous declaration as 'typedef long unsigned int size_t'
configure:4901: $? = 1
configure: failed program was:
| /* confdefs.h */
| #define PACKAGE_NAME "Protocol Buffers"
| #define PACKAGE_TARNAME "protobuf"
| #define PACKAGE_VERSION "2.5.0"
| #define PACKAGE_STRING "Protocol Buffers 2.5.0"
| #define PACKAGE_BUGREPORT "protobuf@googlegroups.com"
| #define PACKAGE_URL ""
| #define PACKAGE "protobuf"
| #define VERSION "2.5.0"
| #define STDC_HEADERS 1
| /* end confdefs.h.  */
| #include <stdio.h>
| #ifdef HAVE_SYS_TYPES_H
| # include <sys/types.h>
| #endif
| #ifdef HAVE_SYS_STAT_H
| # include <sys/stat.h>
| #endif
| #ifdef STDC_HEADERS
| # include <stdlib.h>
| # include <stddef.h>
| #else
| # ifdef HAVE_STDLIB_H
| #  include <stdlib.h>
| # endif
| #endif
| #ifdef HAVE_STRING_H
| # if !defined STDC_HEADERS && defined HAVE_MEMORY_H
| #  include <memory.h>
| # endif
| # include <string.h>
| #endif
| #ifdef HAVE_STRINGS_H
| # include <strings.h>
| #endif
| #ifdef HAVE_INTTYPES_H
| # include <inttypes.h>
| #endif
| #ifdef HAVE_STDINT_H
| # include <stdint.h>
| #endif
| #ifdef HAVE_UNISTD_H
| # include <unistd.h>
| #endif
| 
| #include <stdlib.h>
configure:4901: result: no
configure:4901: checking for string.h
configure:4901: g++ -c  -I/Users/freeman/android-ndk-r8c/platforms/android-9/arch-arm/usr/include/ conftest.cpp >&5
In file included from /Users/freeman/android-ndk-r8c/platforms/android-9/arch-arm/usr/include/stdio.h:55,
                 from conftest.cpp:12:
/Users/freeman/android-ndk-r8c/platforms/android-9/arch-arm/usr/include/sys/types.h:90: error: conflicting declaration 'typedef unsigned int size_t'
/Users/freeman/android-ndk-r8c/platforms/android-9/arch-arm/usr/include/machine/_types.h:44: error: 'size_t' has a previous declaration as 'typedef long unsigned int size_t'
configure:4901: $? = 1
configure: failed program was:
| /* confdefs.h */
| #define PACKAGE_NAME "Protocol Buffers"
| #define PACKAGE_TARNAME "protobuf"
| #define PACKAGE_VERSION "2.5.0"
| #define PACKAGE_STRING "Protocol Buffers 2.5.0"
| #define PACKAGE_BUGREPORT "protobuf@googlegroups.com"
| #define PACKAGE_URL ""
| #define PACKAGE "protobuf"
| #define VERSION "2.5.0"
| #define STDC_HEADERS 1
| /* end confdefs.h.  */
| #include <stdio.h>
| #ifdef HAVE_SYS_TYPES_H
| # include <sys/types.h>
| #endif
| #ifdef HAVE_SYS_STAT_H
| # include <sys/stat.h>
| #endif
| #ifdef STDC_HEADERS
| # include <stdlib.h>
| # include <stddef.h>
| #else
| # ifdef HAVE_STDLIB_H
| #  include <stdlib.h>
| # endif
| #endif
| #ifdef HAVE_STRING_H
| # if !defined STDC_HEADERS && defined HAVE_MEMORY_H
| #  include <memory.h>
| # endif
| # include <string.h>
| #endif
| #ifdef HAVE_STRINGS_H
| # include <strings.h>
| #endif
| #ifdef HAVE_INTTYPES_H
| # include <inttypes.h>
| #endif
| #ifdef HAVE_STDINT_H
| # include <stdint.h>
| #endif
| #ifdef HAVE_UNISTD_H
| # include <unistd.h>
| #endif
| 
| #include <string.h>
configure:4901: result: no
configure:4901: checking for memory.h
configure:4901: g++ -c  -I/Users/freeman/android-ndk-r8c/platforms/android-9/arch-arm/usr/include/ conftest.cpp >&5
In file included from /Users/freeman/android-ndk-r8c/platforms/android-9/arch-arm/usr/include/stdio.h:55,
                 from conftest.cpp:12:
/Users/freeman/android-ndk-r8c/platforms/android-9/arch-arm/usr/include/sys/types.h:90: error: conflicting declaration 'typedef unsigned int size_t'
/Users/freeman/android-ndk-r8c/platforms/android-9/arch-arm/usr/include/machine/_types.h:44: error: 'size_t' has a previous declaration as 'typedef long unsigned int size_t'
configure:4901: $? = 1
configure: failed program was:
| /* confdefs.h */
| #define PACKAGE_NAME "Protocol Buffers"
| #define PACKAGE_TARNAME "protobuf"
| #define PACKAGE_VERSION "2.5.0"
| #define PACKAGE_STRING "Protocol Buffers 2.5.0"
| #define PACKAGE_BUGREPORT "protobuf@googlegroups.com"
| #define PACKAGE_URL ""
| #define PACKAGE "protobuf"
| #define VERSION "2.5.0"
| #define STDC_HEADERS 1
| /* end confdefs.h.  */
| #include <stdio.h>
| #ifdef HAVE_SYS_TYPES_H
| # include <sys/types.h>
| #endif
| #ifdef HAVE_SYS_STAT_H
| # include <sys/stat.h>
| #endif
| #ifdef STDC_HEADERS
| # include <stdlib.h>
| # include <stddef.h>
| #else
| # ifdef HAVE_STDLIB_H
| #  include <stdlib.h>
| # endif
| #endif
| #ifdef HAVE_STRING_H
| # if !defined STDC_HEADERS && defined HAVE_MEMORY_H
| #  include <memory.h>
| # endif
| # include <string.h>
| #endif
| #ifdef HAVE_STRINGS_H
| # include <strings.h>
| #endif
| #ifdef HAVE_INTTYPES_H
| # include <inttypes.h>
| #endif
| #ifdef HAVE_STDINT_H
| # include <stdint.h>
| #endif
| #ifdef HAVE_UNISTD_H
| # include <unistd.h>
| #endif
| 
| #include <memory.h>
configure:4901: result: no
configure:4901: checking for strings.h
configure:4901: g++ -c  -I/Users/freeman/android-ndk-r8c/platforms/android-9/arch-arm/usr/include/ conftest.cpp >&5
In file included from /Users/freeman/android-ndk-r8c/platforms/android-9/arch-arm/usr/include/stdio.h:55,
                 from conftest.cpp:12:
/Users/freeman/android-ndk-r8c/platforms/android-9/arch-arm/usr/include/sys/types.h:90: error: conflicting declaration 'typedef unsigned int size_t'
/Users/freeman/android-ndk-r8c/platforms/android-9/arch-arm/usr/include/machine/_types.h:44: error: 'size_t' has a previous declaration as 'typedef long unsigned int size_t'
configure:4901: $? = 1
configure: failed program was:
| /* confdefs.h */
| #define PACKAGE_NAME "Protocol Buffers"
| #define PACKAGE_TARNAME "protobuf"
| #define PACKAGE_VERSION "2.5.0"
| #define PACKAGE_STRING "Protocol Buffers 2.5.0"
| #define PACKAGE_BUGREPORT "protobuf@googlegroups.com"
| #define PACKAGE_URL ""
| #define PACKAGE "protobuf"
| #define VERSION "2.5.0"
| #define STDC_HEADERS 1
| /* end confdefs.h.  */
| #include <stdio.h>
| #ifdef HAVE_SYS_TYPES_H
| # include <sys/types.h>
| #endif
| #ifdef HAVE_SYS_STAT_H
| # include <sys/stat.h>
| #endif
| #ifdef STDC_HEADERS
| # include <stdlib.h>
| # include <stddef.h>
| #else
| # ifdef HAVE_STDLIB_H
| #  include <stdlib.h>
| # endif
| #endif
| #ifdef HAVE_STRING_H
| # if !defined STDC_HEADERS && defined HAVE_MEMORY_H
| #  include <memory.h>
| # endif
| # include <string.h>
| #endif
| #ifdef HAVE_STRINGS_H
| # include <strings.h>
| #endif
| #ifdef HAVE_INTTYPES_H
| # include <inttypes.h>
| #endif
| #ifdef HAVE_STDINT_H
| # include <stdint.h>
| #endif
| #ifdef HAVE_UNISTD_H
| # include <unistd.h>
| #endif
| 
| #include <strings.h>
configure:4901: result: no
configure:4901: checking for inttypes.h
configure:4901: g++ -c  -I/Users/freeman/android-ndk-r8c/platforms/android-9/arch-arm/usr/include/ conftest.cpp >&5
In file included from /Users/freeman/android-ndk-r8c/platforms/android-9/arch-arm/usr/include/stdio.h:55,
                 from conftest.cpp:12:
/Users/freeman/android-ndk-r8c/platforms/android-9/arch-arm/usr/include/sys/types.h:90: error: conflicting declaration 'typedef unsigned int size_t'
/Users/freeman/android-ndk-r8c/platforms/android-9/arch-arm/usr/include/machine/_types.h:44: error: 'size_t' has a previous declaration as 'typedef long unsigned int size_t'
configure:4901: $? = 1
configure: failed program was:
| /* confdefs.h */
| #define PACKAGE_NAME "Protocol Buffers"
| #define PACKAGE_TARNAME "protobuf"
| #define PACKAGE_VERSION "2.5.0"
| #define PACKAGE_STRING "Protocol Buffers 2.5.0"
| #define PACKAGE_BUGREPORT "protobuf@googlegroups.com"
| #define PACKAGE_URL ""
| #define PACKAGE "protobuf"
| #define VERSION "2.5.0"
| #define STDC_HEADERS 1
| /* end confdefs.h.  */
| #include <stdio.h>
| #ifdef HAVE_SYS_TYPES_H
| # include <sys/types.h>
| #endif
| #ifdef HAVE_SYS_STAT_H
| # include <sys/stat.h>
| #endif
| #ifdef STDC_HEADERS
| # include <stdlib.h>
| # include <stddef.h>
| #else
| # ifdef HAVE_STDLIB_H
| #  include <stdlib.h>
| # endif
| #endif
| #ifdef HAVE_STRING_H
| # if !defined STDC_HEADERS && defined HAVE_MEMORY_H
| #  include <memory.h>
| # endif
| # include <string.h>
| #endif
| #ifdef HAVE_STRINGS_H
| # include <strings.h>
| #endif
| #ifdef HAVE_INTTYPES_H
| # include <inttypes.h>
| #endif
| #ifdef HAVE_STDINT_H
| # include <stdint.h>
| #endif
| #ifdef HAVE_UNISTD_H
| # include <unistd.h>
| #endif
| 
| #include <inttypes.h>
configure:4901: result: no
configure:4901: checking for stdint.h
configure:4901: g++ -c  -I/Users/freeman/android-ndk-r8c/platforms/android-9/arch-arm/usr/include/ conftest.cpp >&5
In file included from /Users/freeman/android-ndk-r8c/platforms/android-9/arch-arm/usr/include/stdio.h:55,
                 from conftest.cpp:12:
/Users/freeman/android-ndk-r8c/platforms/android-9/arch-arm/usr/include/sys/types.h:90: error: conflicting declaration 'typedef unsigned int size_t'
/Users/freeman/android-ndk-r8c/platforms/android-9/arch-arm/usr/include/machine/_types.h:44: error: 'size_t' has a previous declaration as 'typedef long unsigned int size_t'
configure:4901: $? = 1
configure: failed program was:
| /* confdefs.h */
| #define PACKAGE_NAME "Protocol Buffers"
| #define PACKAGE_TARNAME "protobuf"
| #define PACKAGE_VERSION "2.5.0"
| #define PACKAGE_STRING "Protocol Buffers 2.5.0"
| #define PACKAGE_BUGREPORT "protobuf@googlegroups.com"
| #define PACKAGE_URL ""
| #define PACKAGE "protobuf"
| #define VERSION "2.5.0"
| #define STDC_HEADERS 1
| /* end confdefs.h.  */
| #include <stdio.h>
| #ifdef HAVE_SYS_TYPES_H
| # include <sys/types.h>
| #endif
| #ifdef HAVE_SYS_STAT_H
| # include <sys/stat.h>
| #endif
| #ifdef STDC_HEADERS
| # include <stdlib.h>
| # include <stddef.h>
| #else
| # ifdef HAVE_STDLIB_H
| #  include <stdlib.h>
| # endif
| #endif
| #ifdef HAVE_STRING_H
| # if !defined STDC_HEADERS && defined HAVE_MEMORY_H
| #  include <memory.h>
| # endif
| # include <string.h>
| #endif
| #ifdef HAVE_STRINGS_H
| # include <strings.h>
| #endif
| #ifdef HAVE_INTTYPES_H
| # include <inttypes.h>
| #endif
| #ifdef HAVE_STDINT_H
| # include <stdint.h>
| #endif
| #ifdef HAVE_UNISTD_H
| # include <unistd.h>
| #endif
| 
| #include <stdint.h>
configure:4901: result: no
configure:4901: checking for unistd.h
configure:4901: g++ -c  -I/Users/freeman/android-ndk-r8c/platforms/android-9/arch-arm/usr/include/ conftest.cpp >&5
In file included from /Users/freeman/android-ndk-r8c/platforms/android-9/arch-arm/usr/include/stdio.h:55,
                 from conftest.cpp:12:
/Users/freeman/android-ndk-r8c/platforms/android-9/arch-arm/usr/include/sys/types.h:90: error: conflicting declaration 'typedef unsigned int size_t'
/Users/freeman/android-ndk-r8c/platforms/android-9/arch-arm/usr/include/machine/_types.h:44: error: 'size_t' has a previous declaration as 'typedef long unsigned int size_t'
configure:4901: $? = 1
configure: failed program was:
| /* confdefs.h */
| #define PACKAGE_NAME "Protocol Buffers"
| #define PACKAGE_TARNAME "protobuf"
| #define PACKAGE_VERSION "2.5.0"
| #define PACKAGE_STRING "Protocol Buffers 2.5.0"
| #define PACKAGE_BUGREPORT "protobuf@googlegroups.com"
| #define PACKAGE_URL ""
| #define PACKAGE "protobuf"
| #define VERSION "2.5.0"
| #define STDC_HEADERS 1
| /* end confdefs.h.  */
| #include <stdio.h>
| #ifdef HAVE_SYS_TYPES_H
| # include <sys/types.h>
| #endif
| #ifdef HAVE_SYS_STAT_H
| # include <sys/stat.h>
| #endif
| #ifdef STDC_HEADERS
| # include <stdlib.h>
| # include <stddef.h>
| #else
| # ifdef HAVE_STDLIB_H
| #  include <stdlib.h>
| # endif
| #endif
| #ifdef HAVE_STRING_H
| # if !defined STDC_HEADERS && defined HAVE_MEMORY_H
| #  include <memory.h>
| # endif
| # include <string.h>
| #endif
| #ifdef HAVE_STRINGS_H
| # include <strings.h>
| #endif
| #ifdef HAVE_INTTYPES_H
| # include <inttypes.h>
| #endif
| #ifdef HAVE_STDINT_H
| # include <stdint.h>
| #endif
| #ifdef HAVE_UNISTD_H
| # include <unistd.h>
| #endif
| 
| #include <unistd.h>
configure:4901: result: no
configure:4914: checking minix/config.h usability
configure:4914: g++ -c  -I/Users/freeman/android-ndk-r8c/platforms/android-9/arch-arm/usr/include/ conftest.cpp >&5
conftest.cpp:45:26: error: minix/config.h: No such file or directory
In file included from /Users/freeman/android-ndk-r8c/platforms/android-9/arch-arm/usr/include/stdio.h:55,
                 from conftest.cpp:12:
/Users/freeman/android-ndk-r8c/platforms/android-9/arch-arm/usr/include/sys/types.h:90: error: conflicting declaration 'typedef unsigned int size_t'
/Users/freeman/android-ndk-r8c/platforms/android-9/arch-arm/usr/include/machine/_types.h:44: error: 'size_t' has a previous declaration as 'typedef long unsigned int size_t'
configure:4914: $? = 1
configure: failed program was:
| /* confdefs.h */
| #define PACKAGE_NAME "Protocol Buffers"
| #define PACKAGE_TARNAME "protobuf"
| #define PACKAGE_VERSION "2.5.0"
| #define PACKAGE_STRING "Protocol Buffers 2.5.0"
| #define PACKAGE_BUGREPORT "protobuf@googlegroups.com"
| #define PACKAGE_URL ""
| #define PACKAGE "protobuf"
| #define VERSION "2.5.0"
| #define STDC_HEADERS 1
| /* end confdefs.h.  */
| #include <stdio.h>
| #ifdef HAVE_SYS_TYPES_H
| # include <sys/types.h>
| #endif
| #ifdef HAVE_SYS_STAT_H
| # include <sys/stat.h>
| #endif
| #ifdef STDC_HEADERS
| # include <stdlib.h>
| # include <stddef.h>
| #else
| # ifdef HAVE_STDLIB_H
| #  include <stdlib.h>
| # endif
| #endif
| #ifdef HAVE_STRING_H
| # if !defined STDC_HEADERS && defined HAVE_MEMORY_H
| #  include <memory.h>
| # endif
| # include <string.h>
| #endif
| #ifdef HAVE_STRINGS_H
| # include <strings.h>
| #endif
| #ifdef HAVE_INTTYPES_H
| # include <inttypes.h>
| #endif
| #ifdef HAVE_STDINT_H
| # include <stdint.h>
| #endif
| #ifdef HAVE_UNISTD_H
| # include <unistd.h>
| #endif
| #include <minix/config.h>
configure:4914: result: no
configure:4914: checking minix/config.h presence
configure:4914: g++ -E -I/Users/freeman/android-ndk-r8c/platforms/android-9/arch-arm/usr/include/ conftest.cpp
conftest.cpp:12:26: error: minix/config.h: No such file or directory
configure:4914: $? = 1
configure: failed program was:
| /* confdefs.h */
| #define PACKAGE_NAME "Protocol Buffers"
| #define PACKAGE_TARNAME "protobuf"
| #define PACKAGE_VERSION "2.5.0"
| #define PACKAGE_STRING "Protocol Buffers 2.5.0"
| #define PACKAGE_BUGREPORT "protobuf@googlegroups.com"
| #define PACKAGE_URL ""
| #define PACKAGE "protobuf"
| #define VERSION "2.5.0"
| #define STDC_HEADERS 1
| /* end confdefs.h.  */
| #include <minix/config.h>
configure:4914: result: no
configure:4914: checking for minix/config.h
configure:4914: result: no
configure:4935: checking whether it is safe to define __EXTENSIONS__
configure:4953: g++ -c  -I/Users/freeman/android-ndk-r8c/platforms/android-9/arch-arm/usr/include/ conftest.cpp >&5
In file included from /Users/freeman/android-ndk-r8c/platforms/android-9/arch-arm/usr/include/stdio.h:55,
                 from conftest.cpp:14:
/Users/freeman/android-ndk-r8c/platforms/android-9/arch-arm/usr/include/sys/types.h:90: error: conflicting declaration 'typedef unsigned int size_t'
/Users/freeman/android-ndk-r8c/platforms/android-9/arch-arm/usr/include/machine/_types.h:44: error: 'size_t' has a previous declaration as 'typedef long unsigned int size_t'
configure:4953: $? = 1
configure: failed program was:
| /* confdefs.h */
| #define PACKAGE_NAME "Protocol Buffers"
| #define PACKAGE_TARNAME "protobuf"
| #define PACKAGE_VERSION "2.5.0"
| #define PACKAGE_STRING "Protocol Buffers 2.5.0"
| #define PACKAGE_BUGREPORT "protobuf@googlegroups.com"
| #define PACKAGE_URL ""
| #define PACKAGE "protobuf"
| #define VERSION "2.5.0"
| #define STDC_HEADERS 1
| /* end confdefs.h.  */
| 
| #         define __EXTENSIONS__ 1
|           #include <stdio.h>
| #ifdef HAVE_SYS_TYPES_H
| # include <sys/types.h>
| #endif
| #ifdef HAVE_SYS_STAT_H
| # include <sys/stat.h>
| #endif
| #ifdef STDC_HEADERS
| # include <stdlib.h>
| # include <stddef.h>
| #else
| # ifdef HAVE_STDLIB_H
| #  include <stdlib.h>
| # endif
| #endif
| #ifdef HAVE_STRING_H
| # if !defined STDC_HEADERS && defined HAVE_MEMORY_H
| #  include <memory.h>
| # endif
| # include <string.h>
| #endif
| #ifdef HAVE_STRINGS_H
| # include <strings.h>
| #endif
| #ifdef HAVE_INTTYPES_H
| # include <inttypes.h>
| #endif
| #ifdef HAVE_STDINT_H
| # include <stdint.h>
| #endif
| #ifdef HAVE_UNISTD_H
| # include <unistd.h>
| #endif
| int
| main ()
| {
| 
|   ;
|   return 0;
| }
configure:4960: result: no
configure:4989: checking C++ compiler flags...
configure:5005: result: use default: -O2  -g -DNDEBUG
configure:5025: checking whether __SUNPRO_CC is declared
configure:5025: g++ -c  -g -DNDEBUG -I/Users/freeman/android-ndk-r8c/platforms/android-9/arch-arm/usr/include/ conftest.cpp >&5
In file included from /Users/freeman/android-ndk-r8c/platforms/android-9/arch-arm/usr/include/stdio.h:55,
                 from conftest.cpp:16:
/Users/freeman/android-ndk-r8c/platforms/android-9/arch-arm/usr/include/sys/types.h:90: error: conflicting declaration 'typedef unsigned int size_t'
/Users/freeman/android-ndk-r8c/platforms/android-9/arch-arm/usr/include/machine/_types.h:44: error: 'size_t' has a previous declaration as 'typedef long unsigned int size_t'
conftest.cpp: In function 'int main()':
conftest.cpp:54: error: '__SUNPRO_CC' was not declared in this scope
configure:5025: $? = 1
configure: failed program was:
| /* confdefs.h */
| #define PACKAGE_NAME "Protocol Buffers"
| #define PACKAGE_TARNAME "protobuf"
| #define PACKAGE_VERSION "2.5.0"
| #define PACKAGE_STRING "Protocol Buffers 2.5.0"
| #define PACKAGE_BUGREPORT "protobuf@googlegroups.com"
| #define PACKAGE_URL ""
| #define PACKAGE "protobuf"
| #define VERSION "2.5.0"
| #define STDC_HEADERS 1
| #define _ALL_SOURCE 1
| #define _GNU_SOURCE 1
| #define _POSIX_PTHREAD_SEMANTICS 1
| #define _TANDEM_SOURCE 1
| /* end confdefs.h.  */
| #include <stdio.h>
| #ifdef HAVE_SYS_TYPES_H
| # include <sys/types.h>
| #endif
| #ifdef HAVE_SYS_STAT_H
| # include <sys/stat.h>
| #endif
| #ifdef STDC_HEADERS
| # include <stdlib.h>
| # include <stddef.h>
| #else
| # ifdef HAVE_STDLIB_H
| #  include <stdlib.h>
| # endif
| #endif
| #ifdef HAVE_STRING_H
| # if !defined STDC_HEADERS && defined HAVE_MEMORY_H
| #  include <memory.h>
| # endif
| # include <string.h>
| #endif
| #ifdef HAVE_STRINGS_H
| # include <strings.h>
| #endif
| #ifdef HAVE_INTTYPES_H
| # include <inttypes.h>
| #endif
| #ifdef HAVE_STDINT_H
| # include <stdint.h>
| #endif
| #ifdef HAVE_UNISTD_H
| # include <unistd.h>
| #endif
| int
| main ()
| {
| #ifndef __SUNPRO_CC
| #ifdef __cplusplus
|   (void) __SUNPRO_CC;
| #else
|   (void) __SUNPRO_CC;
| #endif
| #endif
| 
|   ;
|   return 0;
| }
configure:5025: result: no
configure:5197: checking how to print strings
configure:5224: result: printf
configure:5245: checking for a sed that does not truncate output
configure:5309: result: /usr/bin/sed
configure:5327: checking for fgrep
configure:5389: result: /usr/bin/grep -F
configure:5424: checking for ld used by /Users/freeman/android-ndk-r8c/toolchains/arm-linux-androideabi-4.4.3/prebuilt/darwin-x86/bin/arm-linux-androideabi-gcc
configure:5491: result: /Users/freeman/android-ndk-r8c/toolchains/arm-linux-androideabi-4.4.3/prebuilt/darwin-x86/arm-linux-androideabi/bin/ld
configure:5498: checking if the linker (/Users/freeman/android-ndk-r8c/toolchains/arm-linux-androideabi-4.4.3/prebuilt/darwin-x86/arm-linux-androideabi/bin/ld) is GNU ld
configure:5513: result: yes
configure:5525: checking for BSD- or MS-compatible name lister (nm)
configure:5574: result: no
configure:5588: checking for arm-eabi-dumpbin
configure:5618: result: no
configure:5588: checking for arm-eabi-link
configure:5618: result: no
configure:5632: checking for dumpbin
configure:5662: result: no
configure:5632: checking for link
configure:5648: found /bin/link
configure:5659: result: link -dump
configure:5704: checking the name lister (nm) interface
configure:5711: g++ -c  -g -DNDEBUG -I/Users/freeman/android-ndk-r8c/platforms/android-9/arch-arm/usr/include/ conftest.cpp >&5
configure:5714: nm "conftest.o"
configure:5717: output
00000000000001b4 S _some_variable
configure:5724: result: BSD nm
configure:5727: checking whether ln -s works
configure:5731: result: yes
configure:5739: checking the maximum length of command line arguments
configure:5869: result: 196608
configure:5886: checking whether the shell understands some XSI constructs
configure:5896: result: yes
configure:5900: checking whether the shell understands "+="
configure:5906: result: yes
configure:5941: checking how to convert i386-apple-darwin12.3.0 file names to arm-unknown-eabi format
configure:5981: result: func_convert_file_noop
configure:5988: checking how to convert i386-apple-darwin12.3.0 file names to toolchain format
configure:6008: result: func_convert_file_noop
configure:6015: checking for /Users/freeman/android-ndk-r8c/toolchains/arm-linux-androideabi-4.4.3/prebuilt/darwin-x86/arm-linux-androideabi/bin/ld option to reload object files
configure:6022: result: -r
configure:6056: checking for arm-eabi-objdump
configure:6086: result: no
configure:6096: checking for objdump
configure:6126: result: no
configure:6155: checking how to recognize dependent libraries
configure:6357: result: unknown
configure:6402: checking for arm-eabi-dlltool
configure:6432: result: no
configure:6442: checking for dlltool
configure:6472: result: no
configure:6502: checking how to associate runtime and link libraries
configure:6529: result: printf %s\n
configure:6545: checking for arm-eabi-ar
configure:6575: result: no
configure:6589: checking for ar
configure:6605: found /usr/bin/ar
configure:6616: result: ar
configure:6653: checking for archiver @FILE support
configure:6670: g++ -c  -g -DNDEBUG -I/Users/freeman/android-ndk-r8c/platforms/android-9/arch-arm/usr/include/ conftest.cpp >&5
configure:6670: $? = 0
configure:6673: ar cru libconftest.a @conftest.lst >&5
ar: @conftest.lst: No such file or directory
configure:6676: $? = 1
configure:6696: result: no
configure:6714: checking for arm-eabi-strip
configure:6741: result: strip
configure:6813: checking for arm-eabi-ranlib
configure:6843: result: no
configure:6853: checking for ranlib
configure:6869: found /usr/bin/ranlib
configure:6880: result: ranlib
configure:6982: checking command to parse nm output from /Users/freeman/android-ndk-r8c/toolchains/arm-linux-androideabi-4.4.3/prebuilt/darwin-x86/bin/arm-linux-androideabi-gcc object
configure:7102: g++ -c  -g -DNDEBUG -I/Users/freeman/android-ndk-r8c/platforms/android-9/arch-arm/usr/include/ conftest.cpp >&5
configure:7105: $? = 0
configure:7109: nm conftest.o \| sed -n -e 's/^.*[ ]\([BCDEGRST][BCDEGRST]*\)[ ][ ]*\([_A-Za-z][_A-Za-z0-9]*\)$/\1 \2 \2/p' | sed '/ __gnu_lto/d' \> conftest.nm
configure:7112: $? = 0
cannot find nm_test_var in conftest.nm
configure:7102: g++ -c  -g -DNDEBUG -I/Users/freeman/android-ndk-r8c/platforms/android-9/arch-arm/usr/include/ conftest.cpp >&5
configure:7105: $? = 0
configure:7109: nm conftest.o \| sed -n -e 's/^.*[ ]\([BCDEGRST][BCDEGRST]*\)[ ][ ]*_\([_A-Za-z][_A-Za-z0-9]*\)$/\1 _\2 \2/p' | sed '/ __gnu_lto/d' \> conftest.nm
configure:7112: $? = 0
configure:7178: g++ -o conftest  -g -DNDEBUG -I/Users/freeman/android-ndk-r8c/platforms/android-9/arch-arm/usr/include/ -Wl,-rpath-link=/Users/freeman/android-ndk-r8c/platforms/android-9/arch-arm/usr/lib/ -L/Users/freeman/android-ndk-r8c/platforms/android-9/arch-arm/usr/lib/ conftest.cpp conftstm.o >&5
ld: unknown option: -rpath-link=/Users/freeman/android-ndk-r8c/platforms/android-9/arch-arm/usr/lib/
collect2: ld returned 1 exit status
configure:7181: $? = 1
configure:7216: result: failed
configure:7256: checking for sysroot
configure:7286: result: no
configure:7503: checking for arm-eabi-mt
configure:7533: result: no
configure:7543: checking for mt
configure:7573: result: no
configure:7593: checking if : is a manifest tool
configure:7599: : '-?'
configure:7607: result: no
configure:8246: checking for dlfcn.h
configure:8246: g++ -c  -g -DNDEBUG -I/Users/freeman/android-ndk-r8c/platforms/android-9/arch-arm/usr/include/ conftest.cpp >&5
In file included from /Users/freeman/android-ndk-r8c/platforms/android-9/arch-arm/usr/include/stdio.h:55,
                 from conftest.cpp:16:
/Users/freeman/android-ndk-r8c/platforms/android-9/arch-arm/usr/include/sys/types.h:90: error: conflicting declaration 'typedef unsigned int size_t'
/Users/freeman/android-ndk-r8c/platforms/android-9/arch-arm/usr/include/machine/_types.h:44: error: 'size_t' has a previous declaration as 'typedef long unsigned int size_t'
configure:8246: $? = 1
configure: failed program was:
| /* confdefs.h */
| #define PACKAGE_NAME "Protocol Buffers"
| #define PACKAGE_TARNAME "protobuf"
| #define PACKAGE_VERSION "2.5.0"
| #define PACKAGE_STRING "Protocol Buffers 2.5.0"
| #define PACKAGE_BUGREPORT "protobuf@googlegroups.com"
| #define PACKAGE_URL ""
| #define PACKAGE "protobuf"
| #define VERSION "2.5.0"
| #define STDC_HEADERS 1
| #define _ALL_SOURCE 1
| #define _GNU_SOURCE 1
| #define _POSIX_PTHREAD_SEMANTICS 1
| #define _TANDEM_SOURCE 1
| /* end confdefs.h.  */
| #include <stdio.h>
| #ifdef HAVE_SYS_TYPES_H
| # include <sys/types.h>
| #endif
| #ifdef HAVE_SYS_STAT_H
| # include <sys/stat.h>
| #endif
| #ifdef STDC_HEADERS
| # include <stdlib.h>
| # include <stddef.h>
| #else
| # ifdef HAVE_STDLIB_H
| #  include <stdlib.h>
| # endif
| #endif
| #ifdef HAVE_STRING_H
| # if !defined STDC_HEADERS && defined HAVE_MEMORY_H
| #  include <memory.h>
| # endif
| # include <string.h>
| #endif
| #ifdef HAVE_STRINGS_H
| # include <strings.h>
| #endif
| #ifdef HAVE_INTTYPES_H
| # include <inttypes.h>
| #endif
| #ifdef HAVE_STDINT_H
| # include <stdint.h>
| #endif
| #ifdef HAVE_UNISTD_H
| # include <unistd.h>
| #endif
| 
| #include <dlfcn.h>
configure:8246: result: no
configure:8462: checking for objdir
configure:8477: result: .libs
configure:8748: checking if /Users/freeman/android-ndk-r8c/toolchains/arm-linux-androideabi-4.4.3/prebuilt/darwin-x86/bin/arm-linux-androideabi-gcc supports -fno-rtti -fno-exceptions
configure:8766: /Users/freeman/android-ndk-r8c/toolchains/arm-linux-androideabi-4.4.3/prebuilt/darwin-x86/bin/arm-linux-androideabi-gcc -c -fPIC -DANDROID -nostdlib -I/Users/freeman/android-ndk-r8c/platforms/android-9/arch-arm/usr/include/ -fno-rtti -fno-exceptions conftest.c >&5
cc1: warning: command line option "-fno-rtti" is valid for C++/ObjC++ but not for C
configure:8770: $? = 0
configure:8783: result: no
configure:9110: checking for /Users/freeman/android-ndk-r8c/toolchains/arm-linux-androideabi-4.4.3/prebuilt/darwin-x86/bin/arm-linux-androideabi-gcc option to produce PIC
configure:9117: result: -fPIC -DPIC
configure:9125: checking if /Users/freeman/android-ndk-r8c/toolchains/arm-linux-androideabi-4.4.3/prebuilt/darwin-x86/bin/arm-linux-androideabi-gcc PIC flag -fPIC -DPIC works
configure:9143: /Users/freeman/android-ndk-r8c/toolchains/arm-linux-androideabi-4.4.3/prebuilt/darwin-x86/bin/arm-linux-androideabi-gcc -c -fPIC -DANDROID -nostdlib -I/Users/freeman/android-ndk-r8c/platforms/android-9/arch-arm/usr/include/ -fPIC -DPIC -DPIC conftest.c >&5
configure:9147: $? = 0
configure:9160: result: yes
configure:9189: checking if /Users/freeman/android-ndk-r8c/toolchains/arm-linux-androideabi-4.4.3/prebuilt/darwin-x86/bin/arm-linux-androideabi-gcc static flag -static works
/Users/freeman/android-ndk-r8c/toolchains/arm-linux-androideabi-4.4.3/prebuilt/darwin-x86/bin/../lib/gcc/arm-linux-androideabi/4.4.3/../../../../arm-linux-androideabi/bin/ld: warning: cannot find entry symbol _start; defaulting to 00008074
configure:9217: result: no
configure:9232: checking if /Users/freeman/android-ndk-r8c/toolchains/arm-linux-androideabi-4.4.3/prebuilt/darwin-x86/bin/arm-linux-androideabi-gcc supports -c -o file.o
configure:9253: /Users/freeman/android-ndk-r8c/toolchains/arm-linux-androideabi-4.4.3/prebuilt/darwin-x86/bin/arm-linux-androideabi-gcc -c -fPIC -DANDROID -nostdlib -I/Users/freeman/android-ndk-r8c/platforms/android-9/arch-arm/usr/include/ -o out/conftest2.o conftest.c >&5
configure:9257: $? = 0
configure:9279: result: yes
configure:9287: checking if /Users/freeman/android-ndk-r8c/toolchains/arm-linux-androideabi-4.4.3/prebuilt/darwin-x86/bin/arm-linux-androideabi-gcc supports -c -o file.o
configure:9334: result: yes
configure:9367: checking whether the /Users/freeman/android-ndk-r8c/toolchains/arm-linux-androideabi-4.4.3/prebuilt/darwin-x86/bin/arm-linux-androideabi-gcc linker (/Users/freeman/android-ndk-r8c/toolchains/arm-linux-androideabi-4.4.3/prebuilt/darwin-x86/arm-linux-androideabi/bin/ld) supports shared libraries
configure:10524: result: yes
configure:10561: checking whether -lc should be explicitly linked in
configure:10569: /Users/freeman/android-ndk-r8c/toolchains/arm-linux-androideabi-4.4.3/prebuilt/darwin-x86/bin/arm-linux-androideabi-gcc -c -fPIC -DANDROID -nostdlib -I/Users/freeman/android-ndk-r8c/platforms/android-9/arch-arm/usr/include/ conftest.c >&5
configure:10572: $? = 0
configure:10587: /Users/freeman/android-ndk-r8c/toolchains/arm-linux-androideabi-4.4.3/prebuilt/darwin-x86/bin/arm-linux-androideabi-gcc -shared  -fPIC -DPIC conftest.o  -v -Wl,-soname -Wl,conftest -o conftest 2\>\&1 \| /usr/bin/grep  -lc  \>/dev/null 2\>\&1
configure:10590: $? = 0
configure:10604: result: no
configure:10764: checking dynamic linker characteristics
configure:11509: result: no
configure:11616: checking how to hardcode library paths into programs
configure:11641: result: immediate
configure:12181: checking whether stripping libraries is possible
configure:12203: result: no
configure:12221: checking if libtool supports shared libraries
configure:12223: result: no
configure:12226: checking whether to build shared libraries
configure:12247: result: no
configure:12250: checking whether to build static libraries
configure:12254: result: yes
configure:12277: checking how to run the C++ preprocessor
configure:12343: result: g++ -E
configure:12363: g++ -E -I/Users/freeman/android-ndk-r8c/platforms/android-9/arch-arm/usr/include/ conftest.cpp
configure:12363: $? = 0
configure:12377: g++ -E -I/Users/freeman/android-ndk-r8c/platforms/android-9/arch-arm/usr/include/ conftest.cpp
conftest.cpp:17:28: error: ac_nonexistent.h: No such file or directory
configure:12377: $? = 1
configure: failed program was:
| /* confdefs.h */
| #define PACKAGE_NAME "Protocol Buffers"
| #define PACKAGE_TARNAME "protobuf"
| #define PACKAGE_VERSION "2.5.0"
| #define PACKAGE_STRING "Protocol Buffers 2.5.0"
| #define PACKAGE_BUGREPORT "protobuf@googlegroups.com"
| #define PACKAGE_URL ""
| #define PACKAGE "protobuf"
| #define VERSION "2.5.0"
| #define STDC_HEADERS 1
| #define _ALL_SOURCE 1
| #define _GNU_SOURCE 1
| #define _POSIX_PTHREAD_SEMANTICS 1
| #define _TANDEM_SOURCE 1
| #define LT_OBJDIR ".libs/"
| /* end confdefs.h.  */
| #include <ac_nonexistent.h>
configure:12546: checking for ld used by g++
configure:12613: result: /Users/freeman/android-ndk-r8c/toolchains/arm-linux-androideabi-4.4.3/prebuilt/darwin-x86/arm-linux-androideabi/bin/ld
configure:12620: checking if the linker (/Users/freeman/android-ndk-r8c/toolchains/arm-linux-androideabi-4.4.3/prebuilt/darwin-x86/arm-linux-androideabi/bin/ld) is GNU ld
configure:12635: result: yes
configure:12690: checking whether the g++ linker (/Users/freeman/android-ndk-r8c/toolchains/arm-linux-androideabi-4.4.3/prebuilt/darwin-x86/arm-linux-androideabi/bin/ld) supports shared libraries
configure:13695: result: no
configure:13731: g++ -c  -g -DNDEBUG -I/Users/freeman/android-ndk-r8c/platforms/android-9/arch-arm/usr/include/ conftest.cpp >&5
configure:13734: $? = 0
configure:14254: checking for g++ option to produce PIC
configure:14261: result: -fPIC -DPIC
configure:14269: checking if g++ PIC flag -fPIC -DPIC works
configure:14287: g++ -c  -g -DNDEBUG -I/Users/freeman/android-ndk-r8c/platforms/android-9/arch-arm/usr/include/ -fPIC -DPIC -DPIC conftest.cpp >&5
configure:14291: $? = 0
configure:14304: result: yes
configure:14327: checking if g++ static flag -static works
configure:14355: result: no
configure:14367: checking if g++ supports -c -o file.o
configure:14388: g++ -c  -g -DNDEBUG -I/Users/freeman/android-ndk-r8c/platforms/android-9/arch-arm/usr/include/ -o out/conftest2.o conftest.cpp >&5
configure:14392: $? = 0
configure:14414: result: yes
configure:14419: checking if g++ supports -c -o file.o
configure:14466: result: yes
configure:14496: checking whether the g++ linker (/Users/freeman/android-ndk-r8c/toolchains/arm-linux-androideabi-4.4.3/prebuilt/darwin-x86/arm-linux-androideabi/bin/ld) supports shared libraries
configure:14535: result: no
configure:14676: checking dynamic linker characteristics
configure:15355: result: no
configure:15408: checking how to hardcode library paths into programs
configure:15433: result: immediate
configure:15496: checking for ANSI C header files
configure:15600: result: yes
configure:15611: checking fcntl.h usability
configure:15611: g++ -c  -g -DNDEBUG -I/Users/freeman/android-ndk-r8c/platforms/android-9/arch-arm/usr/include/ conftest.cpp >&5
In file included from /Users/freeman/android-ndk-r8c/platforms/android-9/arch-arm/usr/include/stdio.h:55,
                 from conftest.cpp:18:
/Users/freeman/android-ndk-r8c/platforms/android-9/arch-arm/usr/include/sys/types.h:90: error: conflicting declaration 'typedef unsigned int size_t'
/Users/freeman/android-ndk-r8c/platforms/android-9/arch-arm/usr/include/machine/_types.h:44: error: 'size_t' has a previous declaration as 'typedef long unsigned int size_t'
configure:15611: $? = 1
configure: failed program was:
| /* confdefs.h */
| #define PACKAGE_NAME "Protocol Buffers"
| #define PACKAGE_TARNAME "protobuf"
| #define PACKAGE_VERSION "2.5.0"
| #define PACKAGE_STRING "Protocol Buffers 2.5.0"
| #define PACKAGE_BUGREPORT "protobuf@googlegroups.com"
| #define PACKAGE_URL ""
| #define PACKAGE "protobuf"
| #define VERSION "2.5.0"
| #define STDC_HEADERS 1
| #define _ALL_SOURCE 1
| #define _GNU_SOURCE 1
| #define _POSIX_PTHREAD_SEMANTICS 1
| #define _TANDEM_SOURCE 1
| #define LT_OBJDIR ".libs/"
| #define STDC_HEADERS 1
| /* end confdefs.h.  */
| #include <stdio.h>
| #ifdef HAVE_SYS_TYPES_H
| # include <sys/types.h>
| #endif
| #ifdef HAVE_SYS_STAT_H
| # include <sys/stat.h>
| #endif
| #ifdef STDC_HEADERS
| # include <stdlib.h>
| # include <stddef.h>
| #else
| # ifdef HAVE_STDLIB_H
| #  include <stdlib.h>
| # endif
| #endif
| #ifdef HAVE_STRING_H
| # if !defined STDC_HEADERS && defined HAVE_MEMORY_H
| #  include <memory.h>
| # endif
| # include <string.h>
| #endif
| #ifdef HAVE_STRINGS_H
| # include <strings.h>
| #endif
| #ifdef HAVE_INTTYPES_H
| # include <inttypes.h>
| #endif
| #ifdef HAVE_STDINT_H
| # include <stdint.h>
| #endif
| #ifdef HAVE_UNISTD_H
| # include <unistd.h>
| #endif
| #include <fcntl.h>
configure:15611: result: no
configure:15611: checking fcntl.h presence
configure:15611: g++ -E -I/Users/freeman/android-ndk-r8c/platforms/android-9/arch-arm/usr/include/ conftest.cpp
configure:15611: $? = 0
configure:15611: result: yes
configure:15611: WARNING: fcntl.h: present but cannot be compiled
configure:15611: WARNING: fcntl.h:     check for missing prerequisite headers?
configure:15611: WARNING: fcntl.h: see the Autoconf documentation
configure:15611: WARNING: fcntl.h:     section "Present But Cannot Be Compiled"
configure:15611: WARNING: fcntl.h: proceeding with the compiler's result
configure:15611: checking for fcntl.h
configure:15611: result: no
configure:15611: checking for inttypes.h
configure:15611: result: no
configure:15611: checking limits.h usability
configure:15611: g++ -c  -g -DNDEBUG -I/Users/freeman/android-ndk-r8c/platforms/android-9/arch-arm/usr/include/ conftest.cpp >&5
In file included from /Users/freeman/android-ndk-r8c/platforms/android-9/arch-arm/usr/include/stdio.h:55,
                 from conftest.cpp:18:
/Users/freeman/android-ndk-r8c/platforms/android-9/arch-arm/usr/include/sys/types.h:90: error: conflicting declaration 'typedef unsigned int size_t'
/Users/freeman/android-ndk-r8c/platforms/android-9/arch-arm/usr/include/machine/_types.h:44: error: 'size_t' has a previous declaration as 'typedef long unsigned int size_t'
configure:15611: $? = 1
configure: failed program was:
| /* confdefs.h */
| #define PACKAGE_NAME "Protocol Buffers"
| #define PACKAGE_TARNAME "protobuf"
| #define PACKAGE_VERSION "2.5.0"
| #define PACKAGE_STRING "Protocol Buffers 2.5.0"
| #define PACKAGE_BUGREPORT "protobuf@googlegroups.com"
| #define PACKAGE_URL ""
| #define PACKAGE "protobuf"
| #define VERSION "2.5.0"
| #define STDC_HEADERS 1
| #define _ALL_SOURCE 1
| #define _GNU_SOURCE 1
| #define _POSIX_PTHREAD_SEMANTICS 1
| #define _TANDEM_SOURCE 1
| #define LT_OBJDIR ".libs/"
| #define STDC_HEADERS 1
| /* end confdefs.h.  */
| #include <stdio.h>
| #ifdef HAVE_SYS_TYPES_H
| # include <sys/types.h>
| #endif
| #ifdef HAVE_SYS_STAT_H
| # include <sys/stat.h>
| #endif
| #ifdef STDC_HEADERS
| # include <stdlib.h>
| # include <stddef.h>
| #else
| # ifdef HAVE_STDLIB_H
| #  include <stdlib.h>
| # endif
| #endif
| #ifdef HAVE_STRING_H
| # if !defined STDC_HEADERS && defined HAVE_MEMORY_H
| #  include <memory.h>
| # endif
| # include <string.h>
| #endif
| #ifdef HAVE_STRINGS_H
| # include <strings.h>
| #endif
| #ifdef HAVE_INTTYPES_H
| # include <inttypes.h>
| #endif
| #ifdef HAVE_STDINT_H
| # include <stdint.h>
| #endif
| #ifdef HAVE_UNISTD_H
| # include <unistd.h>
| #endif
| #include <limits.h>
configure:15611: result: no
configure:15611: checking limits.h presence
configure:15611: g++ -E -I/Users/freeman/android-ndk-r8c/platforms/android-9/arch-arm/usr/include/ conftest.cpp
configure:15611: $? = 0
configure:15611: result: yes
configure:15611: WARNING: limits.h: present but cannot be compiled
configure:15611: WARNING: limits.h:     check for missing prerequisite headers?
configure:15611: WARNING: limits.h: see the Autoconf documentation
configure:15611: WARNING: limits.h:     section "Present But Cannot Be Compiled"
configure:15611: WARNING: limits.h: proceeding with the compiler's result
configure:15611: checking for limits.h
configure:15611: result: no
configure:15611: checking for stdlib.h
configure:15611: result: no
configure:15611: checking for unistd.h
configure:15611: result: no
configure:15623: checking for working memcmp
configure:15676: result: no
configure:15685: checking for working strtod
configure:15736: result: no
configure:15745: checking for pow
configure:15745: g++ -o conftest  -g -DNDEBUG -I/Users/freeman/android-ndk-r8c/platforms/android-9/arch-arm/usr/include/ -Wl,-rpath-link=/Users/freeman/android-ndk-r8c/platforms/android-9/arch-arm/usr/lib/ -L/Users/freeman/android-ndk-r8c/platforms/android-9/arch-arm/usr/lib/ conftest.cpp -lc >&5
ld: unknown option: -rpath-link=/Users/freeman/android-ndk-r8c/platforms/android-9/arch-arm/usr/lib/
collect2: ld returned 1 exit status
configure:15745: $? = 1
configure: failed program was:
| /* confdefs.h */
| #define PACKAGE_NAME "Protocol Buffers"
| #define PACKAGE_TARNAME "protobuf"
| #define PACKAGE_VERSION "2.5.0"
| #define PACKAGE_STRING "Protocol Buffers 2.5.0"
| #define PACKAGE_BUGREPORT "protobuf@googlegroups.com"
| #define PACKAGE_URL ""
| #define PACKAGE "protobuf"
| #define VERSION "2.5.0"
| #define STDC_HEADERS 1
| #define _ALL_SOURCE 1
| #define _GNU_SOURCE 1
| #define _POSIX_PTHREAD_SEMANTICS 1
| #define _TANDEM_SOURCE 1
| #define LT_OBJDIR ".libs/"
| #define STDC_HEADERS 1
| /* end confdefs.h.  */
| /* Define pow to an innocuous variant, in case <limits.h> declares pow.
|    For example, HP-UX 11i <limits.h> declares gettimeofday.  */
| #define pow innocuous_pow
| 
| /* System header to define __stub macros and hopefully few prototypes,
|     which can conflict with char pow (); below.
|     Prefer <limits.h> to <assert.h> if __STDC__ is defined, since
|     <limits.h> exists even on freestanding compilers.  */
| 
| #ifdef __STDC__
| # include <limits.h>
| #else
| # include <assert.h>
| #endif
| 
| #undef pow
| 
| /* Override any GCC internal prototype to avoid an error.
|    Use char because int might match the return type of a GCC
|    builtin and then its argument prototype would still apply.  */
| #ifdef __cplusplus
| extern "C"
| #endif
| char pow ();
| /* The GNU C library defines this for functions which it implements
|     to always fail with ENOSYS.  Some functions are actually named
|     something starting with __ and the normal name is an alias.  */
| #if defined __stub_pow || defined __stub___pow
| choke me
| #endif
| 
| int
| main ()
| {
| return pow ();
|   ;
|   return 0;
| }
configure:15745: result: no
configure:15751: checking for pow in -lm
configure:15776: g++ -o conftest  -g -DNDEBUG -I/Users/freeman/android-ndk-r8c/platforms/android-9/arch-arm/usr/include/ -Wl,-rpath-link=/Users/freeman/android-ndk-r8c/platforms/android-9/arch-arm/usr/lib/ -L/Users/freeman/android-ndk-r8c/platforms/android-9/arch-arm/usr/lib/ conftest.cpp -lm  -lc >&5
ld: unknown option: -rpath-link=/Users/freeman/android-ndk-r8c/platforms/android-9/arch-arm/usr/lib/
collect2: ld returned 1 exit status
configure:15776: $? = 1
configure: failed program was:
| /* confdefs.h */
| #define PACKAGE_NAME "Protocol Buffers"
| #define PACKAGE_TARNAME "protobuf"
| #define PACKAGE_VERSION "2.5.0"
| #define PACKAGE_STRING "Protocol Buffers 2.5.0"
| #define PACKAGE_BUGREPORT "protobuf@googlegroups.com"
| #define PACKAGE_URL ""
| #define PACKAGE "protobuf"
| #define VERSION "2.5.0"
| #define STDC_HEADERS 1
| #define _ALL_SOURCE 1
| #define _GNU_SOURCE 1
| #define _POSIX_PTHREAD_SEMANTICS 1
| #define _TANDEM_SOURCE 1
| #define LT_OBJDIR ".libs/"
| #define STDC_HEADERS 1
| /* end confdefs.h.  */
| 
| /* Override any GCC internal prototype to avoid an error.
|    Use char because int might match the return type of a GCC
|    builtin and then its argument prototype would still apply.  */
| #ifdef __cplusplus
| extern "C"
| #endif
| char pow ();
| int
| main ()
| {
| return pow ();
|   ;
|   return 0;
| }
configure:15785: result: no
configure:15790: WARNING: cannot find library containing definition of pow
configure:15801: checking for ftruncate
configure:15801: g++ -o conftest  -g -DNDEBUG -I/Users/freeman/android-ndk-r8c/platforms/android-9/arch-arm/usr/include/ -Wl,-rpath-link=/Users/freeman/android-ndk-r8c/platforms/android-9/arch-arm/usr/lib/ -L/Users/freeman/android-ndk-r8c/platforms/android-9/arch-arm/usr/lib/ conftest.cpp -lc >&5
ld: unknown option: -rpath-link=/Users/freeman/android-ndk-r8c/platforms/android-9/arch-arm/usr/lib/
collect2: ld returned 1 exit status
configure:15801: $? = 1
configure: failed program was:
| /* confdefs.h */
| #define PACKAGE_NAME "Protocol Buffers"
| #define PACKAGE_TARNAME "protobuf"
| #define PACKAGE_VERSION "2.5.0"
| #define PACKAGE_STRING "Protocol Buffers 2.5.0"
| #define PACKAGE_BUGREPORT "protobuf@googlegroups.com"
| #define PACKAGE_URL ""
| #define PACKAGE "protobuf"
| #define VERSION "2.5.0"
| #define STDC_HEADERS 1
| #define _ALL_SOURCE 1
| #define _GNU_SOURCE 1
| #define _POSIX_PTHREAD_SEMANTICS 1
| #define _TANDEM_SOURCE 1
| #define LT_OBJDIR ".libs/"
| #define STDC_HEADERS 1
| /* end confdefs.h.  */
| /* Define ftruncate to an innocuous variant, in case <limits.h> declares ftruncate.
|    For example, HP-UX 11i <limits.h> declares gettimeofday.  */
| #define ftruncate innocuous_ftruncate
| 
| /* System header to define __stub macros and hopefully few prototypes,
|     which can conflict with char ftruncate (); below.
|     Prefer <limits.h> to <assert.h> if __STDC__ is defined, since
|     <limits.h> exists even on freestanding compilers.  */
| 
| #ifdef __STDC__
| # include <limits.h>
| #else
| # include <assert.h>
| #endif
| 
| #undef ftruncate
| 
| /* Override any GCC internal prototype to avoid an error.
|    Use char because int might match the return type of a GCC
|    builtin and then its argument prototype would still apply.  */
| #ifdef __cplusplus
| extern "C"
| #endif
| char ftruncate ();
| /* The GNU C library defines this for functions which it implements
|     to always fail with ENOSYS.  Some functions are actually named
|     something starting with __ and the normal name is an alias.  */
| #if defined __stub_ftruncate || defined __stub___ftruncate
| choke me
| #endif
| 
| int
| main ()
| {
| return ftruncate ();
|   ;
|   return 0;
| }
configure:15801: result: no
configure:15801: checking for memset
configure:15801: g++ -o conftest  -g -DNDEBUG -I/Users/freeman/android-ndk-r8c/platforms/android-9/arch-arm/usr/include/ -Wl,-rpath-link=/Users/freeman/android-ndk-r8c/platforms/android-9/arch-arm/usr/lib/ -L/Users/freeman/android-ndk-r8c/platforms/android-9/arch-arm/usr/lib/ conftest.cpp -lc >&5
ld: unknown option: -rpath-link=/Users/freeman/android-ndk-r8c/platforms/android-9/arch-arm/usr/lib/
collect2: ld returned 1 exit status
configure:15801: $? = 1
configure: failed program was:
| /* confdefs.h */
| #define PACKAGE_NAME "Protocol Buffers"
| #define PACKAGE_TARNAME "protobuf"
| #define PACKAGE_VERSION "2.5.0"
| #define PACKAGE_STRING "Protocol Buffers 2.5.0"
| #define PACKAGE_BUGREPORT "protobuf@googlegroups.com"
| #define PACKAGE_URL ""
| #define PACKAGE "protobuf"
| #define VERSION "2.5.0"
| #define STDC_HEADERS 1
| #define _ALL_SOURCE 1
| #define _GNU_SOURCE 1
| #define _POSIX_PTHREAD_SEMANTICS 1
| #define _TANDEM_SOURCE 1
| #define LT_OBJDIR ".libs/"
| #define STDC_HEADERS 1
| /* end confdefs.h.  */
| /* Define memset to an innocuous variant, in case <limits.h> declares memset.
|    For example, HP-UX 11i <limits.h> declares gettimeofday.  */
| #define memset innocuous_memset
| 
| /* System header to define __stub macros and hopefully few prototypes,
|     which can conflict with char memset (); below.
|     Prefer <limits.h> to <assert.h> if __STDC__ is defined, since
|     <limits.h> exists even on freestanding compilers.  */
| 
| #ifdef __STDC__
| # include <limits.h>
| #else
| # include <assert.h>
| #endif
| 
| #undef memset
| 
| /* Override any GCC internal prototype to avoid an error.
|    Use char because int might match the return type of a GCC
|    builtin and then its argument prototype would still apply.  */
| #ifdef __cplusplus
| extern "C"
| #endif
| char memset ();
| /* The GNU C library defines this for functions which it implements
|     to always fail with ENOSYS.  Some functions are actually named
|     something starting with __ and the normal name is an alias.  */
| #if defined __stub_memset || defined __stub___memset
| choke me
| #endif
| 
| int
| main ()
| {
| return memset ();
|   ;
|   return 0;
| }
configure:15801: result: no
configure:15801: checking for mkdir
configure:15801: g++ -o conftest  -g -DNDEBUG -I/Users/freeman/android-ndk-r8c/platforms/android-9/arch-arm/usr/include/ -Wl,-rpath-link=/Users/freeman/android-ndk-r8c/platforms/android-9/arch-arm/usr/lib/ -L/Users/freeman/android-ndk-r8c/platforms/android-9/arch-arm/usr/lib/ conftest.cpp -lc >&5
ld: unknown option: -rpath-link=/Users/freeman/android-ndk-r8c/platforms/android-9/arch-arm/usr/lib/
collect2: ld returned 1 exit status
configure:15801: $? = 1
configure: failed program was:
| /* confdefs.h */
| #define PACKAGE_NAME "Protocol Buffers"
| #define PACKAGE_TARNAME "protobuf"
| #define PACKAGE_VERSION "2.5.0"
| #define PACKAGE_STRING "Protocol Buffers 2.5.0"
| #define PACKAGE_BUGREPORT "protobuf@googlegroups.com"
| #define PACKAGE_URL ""
| #define PACKAGE "protobuf"
| #define VERSION "2.5.0"
| #define STDC_HEADERS 1
| #define _ALL_SOURCE 1
| #define _GNU_SOURCE 1
| #define _POSIX_PTHREAD_SEMANTICS 1
| #define _TANDEM_SOURCE 1
| #define LT_OBJDIR ".libs/"
| #define STDC_HEADERS 1
| /* end confdefs.h.  */
| /* Define mkdir to an innocuous variant, in case <limits.h> declares mkdir.
|    For example, HP-UX 11i <limits.h> declares gettimeofday.  */
| #define mkdir innocuous_mkdir
| 
| /* System header to define __stub macros and hopefully few prototypes,
|     which can conflict with char mkdir (); below.
|     Prefer <limits.h> to <assert.h> if __STDC__ is defined, since
|     <limits.h> exists even on freestanding compilers.  */
| 
| #ifdef __STDC__
| # include <limits.h>
| #else
| # include <assert.h>
| #endif
| 
| #undef mkdir
| 
| /* Override any GCC internal prototype to avoid an error.
|    Use char because int might match the return type of a GCC
|    builtin and then its argument prototype would still apply.  */
| #ifdef __cplusplus
| extern "C"
| #endif
| char mkdir ();
| /* The GNU C library defines this for functions which it implements
|     to always fail with ENOSYS.  Some functions are actually named
|     something starting with __ and the normal name is an alias.  */
| #if defined __stub_mkdir || defined __stub___mkdir
| choke me
| #endif
| 
| int
| main ()
| {
| return mkdir ();
|   ;
|   return 0;
| }
configure:15801: result: no
configure:15801: checking for strchr
configure:15801: g++ -o conftest  -g -DNDEBUG -I/Users/freeman/android-ndk-r8c/platforms/android-9/arch-arm/usr/include/ -Wl,-rpath-link=/Users/freeman/android-ndk-r8c/platforms/android-9/arch-arm/usr/lib/ -L/Users/freeman/android-ndk-r8c/platforms/android-9/arch-arm/usr/lib/ conftest.cpp -lc >&5
ld: unknown option: -rpath-link=/Users/freeman/android-ndk-r8c/platforms/android-9/arch-arm/usr/lib/
collect2: ld returned 1 exit status
configure:15801: $? = 1
configure: failed program was:
| /* confdefs.h */
| #define PACKAGE_NAME "Protocol Buffers"
| #define PACKAGE_TARNAME "protobuf"
| #define PACKAGE_VERSION "2.5.0"
| #define PACKAGE_STRING "Protocol Buffers 2.5.0"
| #define PACKAGE_BUGREPORT "protobuf@googlegroups.com"
| #define PACKAGE_URL ""
| #define PACKAGE "protobuf"
| #define VERSION "2.5.0"
| #define STDC_HEADERS 1
| #define _ALL_SOURCE 1
| #define _GNU_SOURCE 1
| #define _POSIX_PTHREAD_SEMANTICS 1
| #define _TANDEM_SOURCE 1
| #define LT_OBJDIR ".libs/"
| #define STDC_HEADERS 1
| /* end confdefs.h.  */
| /* Define strchr to an innocuous variant, in case <limits.h> declares strchr.
|    For example, HP-UX 11i <limits.h> declares gettimeofday.  */
| #define strchr innocuous_strchr
| 
| /* System header to define __stub macros and hopefully few prototypes,
|     which can conflict with char strchr (); below.
|     Prefer <limits.h> to <assert.h> if __STDC__ is defined, since
|     <limits.h> exists even on freestanding compilers.  */
| 
| #ifdef __STDC__
| # include <limits.h>
| #else
| # include <assert.h>
| #endif
| 
| #undef strchr
| 
| /* Override any GCC internal prototype to avoid an error.
|    Use char because int might match the return type of a GCC
|    builtin and then its argument prototype would still apply.  */
| #ifdef __cplusplus
| extern "C"
| #endif
| char strchr ();
| /* The GNU C library defines this for functions which it implements
|     to always fail with ENOSYS.  Some functions are actually named
|     something starting with __ and the normal name is an alias.  */
| #if defined __stub_strchr || defined __stub___strchr
| choke me
| #endif
| 
| int
| main ()
| {
| return strchr ();
|   ;
|   return 0;
| }
configure:15801: result: no
configure:15801: checking for strerror
configure:15801: g++ -o conftest  -g -DNDEBUG -I/Users/freeman/android-ndk-r8c/platforms/android-9/arch-arm/usr/include/ -Wl,-rpath-link=/Users/freeman/android-ndk-r8c/platforms/android-9/arch-arm/usr/lib/ -L/Users/freeman/android-ndk-r8c/platforms/android-9/arch-arm/usr/lib/ conftest.cpp -lc >&5
ld: unknown option: -rpath-link=/Users/freeman/android-ndk-r8c/platforms/android-9/arch-arm/usr/lib/
collect2: ld returned 1 exit status
configure:15801: $? = 1
configure: failed program was:
| /* confdefs.h */
| #define PACKAGE_NAME "Protocol Buffers"
| #define PACKAGE_TARNAME "protobuf"
| #define PACKAGE_VERSION "2.5.0"
| #define PACKAGE_STRING "Protocol Buffers 2.5.0"
| #define PACKAGE_BUGREPORT "protobuf@googlegroups.com"
| #define PACKAGE_URL ""
| #define PACKAGE "protobuf"
| #define VERSION "2.5.0"
| #define STDC_HEADERS 1
| #define _ALL_SOURCE 1
| #define _GNU_SOURCE 1
| #define _POSIX_PTHREAD_SEMANTICS 1
| #define _TANDEM_SOURCE 1
| #define LT_OBJDIR ".libs/"
| #define STDC_HEADERS 1
| /* end confdefs.h.  */
| /* Define strerror to an innocuous variant, in case <limits.h> declares strerror.
|    For example, HP-UX 11i <limits.h> declares gettimeofday.  */
| #define strerror innocuous_strerror
| 
| /* System header to define __stub macros and hopefully few prototypes,
|     which can conflict with char strerror (); below.
|     Prefer <limits.h> to <assert.h> if __STDC__ is defined, since
|     <limits.h> exists even on freestanding compilers.  */
| 
| #ifdef __STDC__
| # include <limits.h>
| #else
| # include <assert.h>
| #endif
| 
| #undef strerror
| 
| /* Override any GCC internal prototype to avoid an error.
|    Use char because int might match the return type of a GCC
|    builtin and then its argument prototype would still apply.  */
| #ifdef __cplusplus
| extern "C"
| #endif
| char strerror ();
| /* The GNU C library defines this for functions which it implements
|     to always fail with ENOSYS.  Some functions are actually named
|     something starting with __ and the normal name is an alias.  */
| #if defined __stub_strerror || defined __stub___strerror
| choke me
| #endif
| 
| int
| main ()
| {
| return strerror ();
|   ;
|   return 0;
| }
configure:15801: result: no
configure:15801: checking for strtol
configure:15801: g++ -o conftest  -g -DNDEBUG -I/Users/freeman/android-ndk-r8c/platforms/android-9/arch-arm/usr/include/ -Wl,-rpath-link=/Users/freeman/android-ndk-r8c/platforms/android-9/arch-arm/usr/lib/ -L/Users/freeman/android-ndk-r8c/platforms/android-9/arch-arm/usr/lib/ conftest.cpp -lc >&5
ld: unknown option: -rpath-link=/Users/freeman/android-ndk-r8c/platforms/android-9/arch-arm/usr/lib/
collect2: ld returned 1 exit status
configure:15801: $? = 1
configure: failed program was:
| /* confdefs.h */
| #define PACKAGE_NAME "Protocol Buffers"
| #define PACKAGE_TARNAME "protobuf"
| #define PACKAGE_VERSION "2.5.0"
| #define PACKAGE_STRING "Protocol Buffers 2.5.0"
| #define PACKAGE_BUGREPORT "protobuf@googlegroups.com"
| #define PACKAGE_URL ""
| #define PACKAGE "protobuf"
| #define VERSION "2.5.0"
| #define STDC_HEADERS 1
| #define _ALL_SOURCE 1
| #define _GNU_SOURCE 1
| #define _POSIX_PTHREAD_SEMANTICS 1
| #define _TANDEM_SOURCE 1
| #define LT_OBJDIR ".libs/"
| #define STDC_HEADERS 1
| /* end confdefs.h.  */
| /* Define strtol to an innocuous variant, in case <limits.h> declares strtol.
|    For example, HP-UX 11i <limits.h> declares gettimeofday.  */
| #define strtol innocuous_strtol
| 
| /* System header to define __stub macros and hopefully few prototypes,
|     which can conflict with char strtol (); below.
|     Prefer <limits.h> to <assert.h> if __STDC__ is defined, since
|     <limits.h> exists even on freestanding compilers.  */
| 
| #ifdef __STDC__
| # include <limits.h>
| #else
| # include <assert.h>
| #endif
| 
| #undef strtol
| 
| /* Override any GCC internal prototype to avoid an error.
|    Use char because int might match the return type of a GCC
|    builtin and then its argument prototype would still apply.  */
| #ifdef __cplusplus
| extern "C"
| #endif
| char strtol ();
| /* The GNU C library defines this for functions which it implements
|     to always fail with ENOSYS.  Some functions are actually named
|     something starting with __ and the normal name is an alias.  */
| #if defined __stub_strtol || defined __stub___strtol
| choke me
| #endif
| 
| int
| main ()
| {
| return strtol ();
|   ;
|   return 0;
| }
configure:15801: result: no
configure:15815: checking zlib version
configure:15835: g++ -c  -g -DNDEBUG -I/Users/freeman/android-ndk-r8c/platforms/android-9/arch-arm/usr/include/ conftest.cpp >&5
configure:15835: $? = 0
configure:15837: result: ok (1.2.0.4 or later)
configure:15841: checking for library containing zlibVersion
configure:15872: g++ -o conftest  -g -DNDEBUG -I/Users/freeman/android-ndk-r8c/platforms/android-9/arch-arm/usr/include/ -Wl,-rpath-link=/Users/freeman/android-ndk-r8c/platforms/android-9/arch-arm/usr/lib/ -L/Users/freeman/android-ndk-r8c/platforms/android-9/arch-arm/usr/lib/ conftest.cpp -lc >&5
ld: unknown option: -rpath-link=/Users/freeman/android-ndk-r8c/platforms/android-9/arch-arm/usr/lib/
collect2: ld returned 1 exit status
configure:15872: $? = 1
configure: failed program was:
| /* confdefs.h */
| #define PACKAGE_NAME "Protocol Buffers"
| #define PACKAGE_TARNAME "protobuf"
| #define PACKAGE_VERSION "2.5.0"
| #define PACKAGE_STRING "Protocol Buffers 2.5.0"
| #define PACKAGE_BUGREPORT "protobuf@googlegroups.com"
| #define PACKAGE_URL ""
| #define PACKAGE "protobuf"
| #define VERSION "2.5.0"
| #define STDC_HEADERS 1
| #define _ALL_SOURCE 1
| #define _GNU_SOURCE 1
| #define _POSIX_PTHREAD_SEMANTICS 1
| #define _TANDEM_SOURCE 1
| #define LT_OBJDIR ".libs/"
| #define STDC_HEADERS 1
| /* end confdefs.h.  */
| 
| /* Override any GCC internal prototype to avoid an error.
|    Use char because int might match the return type of a GCC
|    builtin and then its argument prototype would still apply.  */
| #ifdef __cplusplus
| extern "C"
| #endif
| char zlibVersion ();
| int
| main ()
| {
| return zlibVersion ();
|   ;
|   return 0;
| }
configure:15872: g++ -o conftest  -g -DNDEBUG -I/Users/freeman/android-ndk-r8c/platforms/android-9/arch-arm/usr/include/ -Wl,-rpath-link=/Users/freeman/android-ndk-r8c/platforms/android-9/arch-arm/usr/lib/ -L/Users/freeman/android-ndk-r8c/platforms/android-9/arch-arm/usr/lib/ conftest.cpp -lz  -lc >&5
ld: unknown option: -rpath-link=/Users/freeman/android-ndk-r8c/platforms/android-9/arch-arm/usr/lib/
collect2: ld returned 1 exit status
configure:15872: $? = 1
configure: failed program was:
| /* confdefs.h */
| #define PACKAGE_NAME "Protocol Buffers"
| #define PACKAGE_TARNAME "protobuf"
| #define PACKAGE_VERSION "2.5.0"
| #define PACKAGE_STRING "Protocol Buffers 2.5.0"
| #define PACKAGE_BUGREPORT "protobuf@googlegroups.com"
| #define PACKAGE_URL ""
| #define PACKAGE "protobuf"
| #define VERSION "2.5.0"
| #define STDC_HEADERS 1
| #define _ALL_SOURCE 1
| #define _GNU_SOURCE 1
| #define _POSIX_PTHREAD_SEMANTICS 1
| #define _TANDEM_SOURCE 1
| #define LT_OBJDIR ".libs/"
| #define STDC_HEADERS 1
| /* end confdefs.h.  */
| 
| /* Override any GCC internal prototype to avoid an error.
|    Use char because int might match the return type of a GCC
|    builtin and then its argument prototype would still apply.  */
| #ifdef __cplusplus
| extern "C"
| #endif
| char zlibVersion ();
| int
| main ()
| {
| return zlibVersion ();
|   ;
|   return 0;
| }
configure:15889: result: no
configure:16140: checking for the pthreads library -lpthreads
configure:16173: /Users/freeman/android-ndk-r8c/toolchains/arm-linux-androideabi-4.4.3/prebuilt/darwin-x86/bin/arm-linux-androideabi-gcc -o conftest -fPIC -DANDROID -nostdlib  -I/Users/freeman/android-ndk-r8c/platforms/android-9/arch-arm/usr/include/ -Wl,-rpath-link=/Users/freeman/android-ndk-r8c/platforms/android-9/arch-arm/usr/lib/ -L/Users/freeman/android-ndk-r8c/platforms/android-9/arch-arm/usr/lib/ conftest.c -lpthreads -lc >&5
/Users/freeman/android-ndk-r8c/toolchains/arm-linux-androideabi-4.4.3/prebuilt/darwin-x86/bin/../lib/gcc/arm-linux-androideabi/4.4.3/../../../../arm-linux-androideabi/bin/ld: cannot find -lpthreads
collect2: ld returned 1 exit status
configure:16173: $? = 1
configure: failed program was:
| /* confdefs.h */
| #define PACKAGE_NAME "Protocol Buffers"
| #define PACKAGE_TARNAME "protobuf"
| #define PACKAGE_VERSION "2.5.0"
| #define PACKAGE_STRING "Protocol Buffers 2.5.0"
| #define PACKAGE_BUGREPORT "protobuf@googlegroups.com"
| #define PACKAGE_URL ""
| #define PACKAGE "protobuf"
| #define VERSION "2.5.0"
| #define STDC_HEADERS 1
| #define _ALL_SOURCE 1
| #define _GNU_SOURCE 1
| #define _POSIX_PTHREAD_SEMANTICS 1
| #define _TANDEM_SOURCE 1
| #define LT_OBJDIR ".libs/"
| #define STDC_HEADERS 1
| /* end confdefs.h.  */
| #include <pthread.h>
| int
| main ()
| {
| pthread_t th; pthread_join(th, 0);
|                      pthread_attr_init(0); pthread_cleanup_push(0, 0);
|                      pthread_create(0,0,0,0); pthread_cleanup_pop(0);
|   ;
|   return 0;
| }
configure:16182: result: no
configure:16085: checking whether pthreads work without any flags
configure:16173: /Users/freeman/android-ndk-r8c/toolchains/arm-linux-androideabi-4.4.3/prebuilt/darwin-x86/bin/arm-linux-androideabi-gcc -o conftest -fPIC -DANDROID -nostdlib  -I/Users/freeman/android-ndk-r8c/platforms/android-9/arch-arm/usr/include/ -Wl,-rpath-link=/Users/freeman/android-ndk-r8c/platforms/android-9/arch-arm/usr/lib/ -L/Users/freeman/android-ndk-r8c/platforms/android-9/arch-arm/usr/lib/ conftest.c  -lc >&5
/Users/freeman/android-ndk-r8c/toolchains/arm-linux-androideabi-4.4.3/prebuilt/darwin-x86/bin/../lib/gcc/arm-linux-androideabi/4.4.3/../../../../arm-linux-androideabi/bin/ld: warning: cannot find entry symbol _start; defaulting to 000082e4
configure:16173: $? = 0
configure:16182: result: yes
configure:16201: checking for joinable pthread attribute
configure:16216: /Users/freeman/android-ndk-r8c/toolchains/arm-linux-androideabi-4.4.3/prebuilt/darwin-x86/bin/arm-linux-androideabi-gcc -o conftest -fPIC -DANDROID -nostdlib  -I/Users/freeman/android-ndk-r8c/platforms/android-9/arch-arm/usr/include/ -Wl,-rpath-link=/Users/freeman/android-ndk-r8c/platforms/android-9/arch-arm/usr/lib/ -L/Users/freeman/android-ndk-r8c/platforms/android-9/arch-arm/usr/lib/ conftest.c  -lc >&5
/Users/freeman/android-ndk-r8c/toolchains/arm-linux-androideabi-4.4.3/prebuilt/darwin-x86/bin/../lib/gcc/arm-linux-androideabi/4.4.3/../../../../arm-linux-androideabi/bin/ld: warning: cannot find entry symbol _start; defaulting to 000081b0
configure:16216: $? = 0
configure:16222: result: PTHREAD_CREATE_JOINABLE
configure:16232: checking if more special flags are required for pthreads
configure:16239: result: no
configure:16328: checking whether to check for GCC pthread/shared inconsistencies
configure:16341: /Users/freeman/android-ndk-r8c/toolchains/arm-linux-androideabi-4.4.3/prebuilt/darwin-x86/bin/arm-linux-androideabi-gcc -o conftest -shared -fPIC -Wl,-z,defs -fPIC -DANDROID -nostdlib  -I/Users/freeman/android-ndk-r8c/platforms/android-9/arch-arm/usr/include/ -Wl,-rpath-link=/Users/freeman/android-ndk-r8c/platforms/android-9/arch-arm/usr/lib/ -L/Users/freeman/android-ndk-r8c/platforms/android-9/arch-arm/usr/lib/ conftest.c  -lc >&5
configure:16341: $? = 0
configure:16353: result: yes
configure:16359: checking whether -pthread is sufficient with -shared
configure:16374: /Users/freeman/android-ndk-r8c/toolchains/arm-linux-androideabi-4.4.3/prebuilt/darwin-x86/bin/arm-linux-androideabi-gcc -o conftest -shared -fPIC -Wl,-z,defs -fPIC -DANDROID -nostdlib  -I/Users/freeman/android-ndk-r8c/platforms/android-9/arch-arm/usr/include/ -Wl,-rpath-link=/Users/freeman/android-ndk-r8c/platforms/android-9/arch-arm/usr/lib/ -L/Users/freeman/android-ndk-r8c/platforms/android-9/arch-arm/usr/lib/ conftest.c  -lc >&5
configure:16374: $? = 0
configure:16381: result: yes
configure:16469: checking whether what we have so far is sufficient with -nostdlib
configure:16487: /Users/freeman/android-ndk-r8c/toolchains/arm-linux-androideabi-4.4.3/prebuilt/darwin-x86/bin/arm-linux-androideabi-gcc -o conftest -nostdlib -shared -fPIC -Wl,-z,defs -fPIC -DANDROID -nostdlib  -I/Users/freeman/android-ndk-r8c/platforms/android-9/arch-arm/usr/include/ -Wl,-rpath-link=/Users/freeman/android-ndk-r8c/platforms/android-9/arch-arm/usr/lib/ -L/Users/freeman/android-ndk-r8c/platforms/android-9/arch-arm/usr/lib/ conftest.c  -lc -lc >&5
configure:16487: $? = 0
configure:16496: result: yes
configure:16569: checking the location of hash_map
configure:16595: g++ -c  -g -DNDEBUG -I/Users/freeman/android-ndk-r8c/platforms/android-9/arch-arm/usr/include/ conftest.cpp >&5
configure:16595: $? = 0
configure:16617: g++ -c  -g -DNDEBUG -I/Users/freeman/android-ndk-r8c/platforms/android-9/arch-arm/usr/include/ conftest.cpp >&5
conftest.cpp:19:25: error: unordered_map: No such file or directory
conftest.cpp: In function 'int main()':
conftest.cpp:23: error: expected initializer before '<' token
conftest.cpp:24: error: 't' was not declared in this scope
configure:16617: $? = 1
configure: failed program was:
| /* confdefs.h */
| #define PACKAGE_NAME "Protocol Buffers"
| #define PACKAGE_TARNAME "protobuf"
| #define PACKAGE_VERSION "2.5.0"
| #define PACKAGE_STRING "Protocol Buffers 2.5.0"
| #define PACKAGE_BUGREPORT "protobuf@googlegroups.com"
| #define PACKAGE_URL ""
| #define PACKAGE "protobuf"
| #define VERSION "2.5.0"
| #define STDC_HEADERS 1
| #define _ALL_SOURCE 1
| #define _GNU_SOURCE 1
| #define _POSIX_PTHREAD_SEMANTICS 1
| #define _TANDEM_SOURCE 1
| #define LT_OBJDIR ".libs/"
| #define STDC_HEADERS 1
| #define HAVE_PTHREAD 1
| /* end confdefs.h.  */
| #include <unordered_map>
| int
| main ()
| {
| const std::unordered_map<int, int> t;
|                          return t.find(5) == t.end();
|   ;
|   return 0;
| }
configure:16617: g++ -c  -g -DNDEBUG -I/Users/freeman/android-ndk-r8c/platforms/android-9/arch-arm/usr/include/ conftest.cpp >&5
conftest.cpp:19:25: error: unordered_map: No such file or directory
conftest.cpp: In function 'int main()':
conftest.cpp:23: error: 'std::tr1' has not been declared
conftest.cpp:23: error: expected initializer before '<' token
conftest.cpp:24: error: 't' was not declared in this scope
configure:16617: $? = 1
configure: failed program was:
| /* confdefs.h */
| #define PACKAGE_NAME "Protocol Buffers"
| #define PACKAGE_TARNAME "protobuf"
| #define PACKAGE_VERSION "2.5.0"
| #define PACKAGE_STRING "Protocol Buffers 2.5.0"
| #define PACKAGE_BUGREPORT "protobuf@googlegroups.com"
| #define PACKAGE_URL ""
| #define PACKAGE "protobuf"
| #define VERSION "2.5.0"
| #define STDC_HEADERS 1
| #define _ALL_SOURCE 1
| #define _GNU_SOURCE 1
| #define _POSIX_PTHREAD_SEMANTICS 1
| #define _TANDEM_SOURCE 1
| #define LT_OBJDIR ".libs/"
| #define STDC_HEADERS 1
| #define HAVE_PTHREAD 1
| /* end confdefs.h.  */
| #include <unordered_map>
| int
| main ()
| {
| const std::tr1::unordered_map<int, int> t;
|                          return t.find(5) == t.end();
|   ;
|   return 0;
| }
configure:16617: g++ -c  -g -DNDEBUG -I/Users/freeman/android-ndk-r8c/platforms/android-9/arch-arm/usr/include/ conftest.cpp >&5
In file included from /usr/include/c++/4.2.1/bits/stl_algobase.h:68,
                 from /usr/include/c++/4.2.1/memory:53,
                 from /usr/include/c++/4.2.1/tr1/hashtable:56,
                 from /usr/include/c++/4.2.1/tr1/unordered_map:37,
                 from conftest.cpp:19:
/usr/include/c++/4.2.1/cstdlib:170: error: '::_Exit' has not been declared
/usr/include/c++/4.2.1/cstdlib:199: error: '::strtold' has not been declared
/usr/include/c++/4.2.1/cstdlib:208: error: '__gnu_cxx::_Exit' has not been declared
/usr/include/c++/4.2.1/cstdlib:219: error: '__gnu_cxx::strtold' has not been declared
In file included from /usr/include/c++/4.2.1/bits/postypes.h:46,
                 from /usr/include/c++/4.2.1/iosfwd:49,
                 from /usr/include/c++/4.2.1/bits/stl_algobase.h:70,
                 from /usr/include/c++/4.2.1/memory:53,
                 from /usr/include/c++/4.2.1/tr1/hashtable:56,
                 from /usr/include/c++/4.2.1/tr1/unordered_map:37,
                 from conftest.cpp:19:
/usr/include/c++/4.2.1/cwchar:169: error: '::vfwscanf' has not been declared
/usr/include/c++/4.2.1/cwchar:173: error: '::vswscanf' has not been declared
/usr/include/c++/4.2.1/cwchar:177: error: '::vwscanf' has not been declared
/usr/include/c++/4.2.1/cwchar:194: error: '::wcstof' has not been declared
/usr/include/c++/4.2.1/cwchar:253: error: '::wcstold' has not been declared
/usr/include/c++/4.2.1/cwchar:262: error: '::wcstoll' has not been declared
/usr/include/c++/4.2.1/cwchar:263: error: '::wcstoull' has not been declared
/usr/include/c++/4.2.1/cwchar:270: error: '__gnu_cxx::wcstold' has not been declared
/usr/include/c++/4.2.1/cwchar:271: error: '__gnu_cxx::wcstoll' has not been declared
/usr/include/c++/4.2.1/cwchar:272: error: '__gnu_cxx::wcstoull' has not been declared
In file included from /usr/include/c++/4.2.1/bits/locale_facets.h:46,
                 from /usr/include/c++/4.2.1/bits/basic_ios.h:44,
                 from /usr/include/c++/4.2.1/ios:50,
                 from /usr/include/c++/4.2.1/ostream:45,
                 from /usr/include/c++/4.2.1/iterator:70,
                 from /usr/include/c++/4.2.1/tr1/hashtable:57,
                 from /usr/include/c++/4.2.1/tr1/unordered_map:37,
                 from conftest.cpp:19:
/usr/include/c++/4.2.1/cwctype:90: error: '::iswblank' has not been declared
In file included from /usr/include/c++/4.2.1/bits/locale_facets.h:47,
                 from /usr/include/c++/4.2.1/bits/basic_ios.h:44,
                 from /usr/include/c++/4.2.1/ios:50,
                 from /usr/include/c++/4.2.1/ostream:45,
                 from /usr/include/c++/4.2.1/iterator:70,
                 from /usr/include/c++/4.2.1/tr1/hashtable:57,
                 from /usr/include/c++/4.2.1/tr1/unordered_map:37,
                 from conftest.cpp:19:
/usr/include/c++/4.2.1/bits/ctype_base.h:64: error: '_A' was not declared in this scope
/usr/include/c++/4.2.1/bits/ctype_base.h:65: error: '_D' was not declared in this scope
/usr/include/c++/4.2.1/bits/ctype_base.h:68: error: '_R' was not declared in this scope
/usr/include/c++/4.2.1/bits/ctype_base.h:69: error: '_A' was not declared in this scope
/usr/include/c++/4.2.1/bits/ctype_base.h:69: error: '_D' was not declared in this scope
/usr/include/c++/4.2.1/bits/ctype_base.h:72: error: '_A' was not declared in this scope
/usr/include/c++/4.2.1/bits/ctype_base.h:72: error: '_D' was not declared in this scope
In file included from /usr/include/c++/4.2.1/bits/locale_facets.h:1536,
                 from /usr/include/c++/4.2.1/bits/basic_ios.h:44,
                 from /usr/include/c++/4.2.1/ios:50,
                 from /usr/include/c++/4.2.1/ostream:45,
                 from /usr/include/c++/4.2.1/iterator:70,
                 from /usr/include/c++/4.2.1/tr1/hashtable:57,
                 from /usr/include/c++/4.2.1/tr1/unordered_map:37,
                 from conftest.cpp:19:
/usr/include/c++/4.2.1/bits/ctype_inline.h: In member function 'bool std::ctype<char>::is(long unsigned int, char) const':
/usr/include/c++/4.2.1/bits/ctype_inline.h:54: error: '__istype' was not declared in this scope
/usr/include/c++/4.2.1/bits/ctype_inline.h: In member function 'virtual bool std::ctype<wchar_t>::do_is(long unsigned int, wchar_t) const':
/usr/include/c++/4.2.1/bits/ctype_inline.h:129: error: '__istype' was not declared in this scope
/usr/include/c++/4.2.1/bits/ctype_inline.h: In member function 'virtual const wchar_t* std::ctype<wchar_t>::do_is(const wchar_t*, const wchar_t*, long unsigned int*) const':
/usr/include/c++/4.2.1/bits/ctype_inline.h:138: error: '__maskrune' was not declared in this scope
/usr/include/c++/4.2.1/bits/ctype_inline.h: In member function 'virtual const wchar_t* std::ctype<wchar_t>::do_scan_is(long unsigned int, const wchar_t*, const wchar_t*) const':
/usr/include/c++/4.2.1/bits/ctype_inline.h:146: error: '__istype' was not declared in this scope
/usr/include/c++/4.2.1/bits/ctype_inline.h: In member function 'virtual const wchar_t* std::ctype<wchar_t>::do_scan_not(long unsigned int, const wchar_t*, const wchar_t*) const':
/usr/include/c++/4.2.1/bits/ctype_inline.h:155: error: '__istype' was not declared in this scope
conftest.cpp: In function 'int main()':
conftest.cpp:23: error: expected initializer before '<' token
conftest.cpp:24: error: 't' was not declared in this scope
configure:16617: $? = 1
configure: failed program was:
| /* confdefs.h */
| #define PACKAGE_NAME "Protocol Buffers"
| #define PACKAGE_TARNAME "protobuf"
| #define PACKAGE_VERSION "2.5.0"
| #define PACKAGE_STRING "Protocol Buffers 2.5.0"
| #define PACKAGE_BUGREPORT "protobuf@googlegroups.com"
| #define PACKAGE_URL ""
| #define PACKAGE "protobuf"
| #define VERSION "2.5.0"
| #define STDC_HEADERS 1
| #define _ALL_SOURCE 1
| #define _GNU_SOURCE 1
| #define _POSIX_PTHREAD_SEMANTICS 1
| #define _TANDEM_SOURCE 1
| #define LT_OBJDIR ".libs/"
| #define STDC_HEADERS 1
| #define HAVE_PTHREAD 1
| /* end confdefs.h.  */
| #include <tr1/unordered_map>
| int
| main ()
| {
| const std::unordered_map<int, int> t;
|                          return t.find(5) == t.end();
|   ;
|   return 0;
| }
configure:16617: g++ -c  -g -DNDEBUG -I/Users/freeman/android-ndk-r8c/platforms/android-9/arch-arm/usr/include/ conftest.cpp >&5
In file included from /usr/include/c++/4.2.1/bits/stl_algobase.h:68,
                 from /usr/include/c++/4.2.1/memory:53,
                 from /usr/include/c++/4.2.1/tr1/hashtable:56,
                 from /usr/include/c++/4.2.1/tr1/unordered_map:37,
                 from conftest.cpp:19:
/usr/include/c++/4.2.1/cstdlib:170: error: '::_Exit' has not been declared
/usr/include/c++/4.2.1/cstdlib:199: error: '::strtold' has not been declared
/usr/include/c++/4.2.1/cstdlib:208: error: '__gnu_cxx::_Exit' has not been declared
/usr/include/c++/4.2.1/cstdlib:219: error: '__gnu_cxx::strtold' has not been declared
In file included from /usr/include/c++/4.2.1/bits/postypes.h:46,
                 from /usr/include/c++/4.2.1/iosfwd:49,
                 from /usr/include/c++/4.2.1/bits/stl_algobase.h:70,
                 from /usr/include/c++/4.2.1/memory:53,
                 from /usr/include/c++/4.2.1/tr1/hashtable:56,
                 from /usr/include/c++/4.2.1/tr1/unordered_map:37,
                 from conftest.cpp:19:
/usr/include/c++/4.2.1/cwchar:169: error: '::vfwscanf' has not been declared
/usr/include/c++/4.2.1/cwchar:173: error: '::vswscanf' has not been declared
/usr/include/c++/4.2.1/cwchar:177: error: '::vwscanf' has not been declared
/usr/include/c++/4.2.1/cwchar:194: error: '::wcstof' has not been declared
/usr/include/c++/4.2.1/cwchar:253: error: '::wcstold' has not been declared
/usr/include/c++/4.2.1/cwchar:262: error: '::wcstoll' has not been declared
/usr/include/c++/4.2.1/cwchar:263: error: '::wcstoull' has not been declared
/usr/include/c++/4.2.1/cwchar:270: error: '__gnu_cxx::wcstold' has not been declared
/usr/include/c++/4.2.1/cwchar:271: error: '__gnu_cxx::wcstoll' has not been declared
/usr/include/c++/4.2.1/cwchar:272: error: '__gnu_cxx::wcstoull' has not been declared
In file included from /usr/include/c++/4.2.1/bits/locale_facets.h:46,
                 from /usr/include/c++/4.2.1/bits/basic_ios.h:44,
                 from /usr/include/c++/4.2.1/ios:50,
                 from /usr/include/c++/4.2.1/ostream:45,
                 from /usr/include/c++/4.2.1/iterator:70,
                 from /usr/include/c++/4.2.1/tr1/hashtable:57,
                 from /usr/include/c++/4.2.1/tr1/unordered_map:37,
                 from conftest.cpp:19:
/usr/include/c++/4.2.1/cwctype:90: error: '::iswblank' has not been declared
In file included from /usr/include/c++/4.2.1/bits/locale_facets.h:47,
                 from /usr/include/c++/4.2.1/bits/basic_ios.h:44,
                 from /usr/include/c++/4.2.1/ios:50,
                 from /usr/include/c++/4.2.1/ostream:45,
                 from /usr/include/c++/4.2.1/iterator:70,
                 from /usr/include/c++/4.2.1/tr1/hashtable:57,
                 from /usr/include/c++/4.2.1/tr1/unordered_map:37,
                 from conftest.cpp:19:
/usr/include/c++/4.2.1/bits/ctype_base.h:64: error: '_A' was not declared in this scope
/usr/include/c++/4.2.1/bits/ctype_base.h:65: error: '_D' was not declared in this scope
/usr/include/c++/4.2.1/bits/ctype_base.h:68: error: '_R' was not declared in this scope
/usr/include/c++/4.2.1/bits/ctype_base.h:69: error: '_A' was not declared in this scope
/usr/include/c++/4.2.1/bits/ctype_base.h:69: error: '_D' was not declared in this scope
/usr/include/c++/4.2.1/bits/ctype_base.h:72: error: '_A' was not declared in this scope
/usr/include/c++/4.2.1/bits/ctype_base.h:72: error: '_D' was not declared in this scope
In file included from /usr/include/c++/4.2.1/bits/locale_facets.h:1536,
                 from /usr/include/c++/4.2.1/bits/basic_ios.h:44,
                 from /usr/include/c++/4.2.1/ios:50,
                 from /usr/include/c++/4.2.1/ostream:45,
                 from /usr/include/c++/4.2.1/iterator:70,
                 from /usr/include/c++/4.2.1/tr1/hashtable:57,
                 from /usr/include/c++/4.2.1/tr1/unordered_map:37,
                 from conftest.cpp:19:
/usr/include/c++/4.2.1/bits/ctype_inline.h: In member function 'bool std::ctype<char>::is(long unsigned int, char) const':
/usr/include/c++/4.2.1/bits/ctype_inline.h:54: error: '__istype' was not declared in this scope
/usr/include/c++/4.2.1/bits/ctype_inline.h: In member function 'virtual bool std::ctype<wchar_t>::do_is(long unsigned int, wchar_t) const':
/usr/include/c++/4.2.1/bits/ctype_inline.h:129: error: '__istype' was not declared in this scope
/usr/include/c++/4.2.1/bits/ctype_inline.h: In member function 'virtual const wchar_t* std::ctype<wchar_t>::do_is(const wchar_t*, const wchar_t*, long unsigned int*) const':
/usr/include/c++/4.2.1/bits/ctype_inline.h:138: error: '__maskrune' was not declared in this scope
/usr/include/c++/4.2.1/bits/ctype_inline.h: In member function 'virtual const wchar_t* std::ctype<wchar_t>::do_scan_is(long unsigned int, const wchar_t*, const wchar_t*) const':
/usr/include/c++/4.2.1/bits/ctype_inline.h:146: error: '__istype' was not declared in this scope
/usr/include/c++/4.2.1/bits/ctype_inline.h: In member function 'virtual const wchar_t* std::ctype<wchar_t>::do_scan_not(long unsigned int, const wchar_t*, const wchar_t*) const':
/usr/include/c++/4.2.1/bits/ctype_inline.h:155: error: '__istype' was not declared in this scope
configure:16617: $? = 1
configure: failed program was:
| /* confdefs.h */
| #define PACKAGE_NAME "Protocol Buffers"
| #define PACKAGE_TARNAME "protobuf"
| #define PACKAGE_VERSION "2.5.0"
| #define PACKAGE_STRING "Protocol Buffers 2.5.0"
| #define PACKAGE_BUGREPORT "protobuf@googlegroups.com"
| #define PACKAGE_URL ""
| #define PACKAGE "protobuf"
| #define VERSION "2.5.0"
| #define STDC_HEADERS 1
| #define _ALL_SOURCE 1
| #define _GNU_SOURCE 1
| #define _POSIX_PTHREAD_SEMANTICS 1
| #define _TANDEM_SOURCE 1
| #define LT_OBJDIR ".libs/"
| #define STDC_HEADERS 1
| #define HAVE_PTHREAD 1
| /* end confdefs.h.  */
| #include <tr1/unordered_map>
| int
| main ()
| {
| const std::tr1::unordered_map<int, int> t;
|                          return t.find(5) == t.end();
|   ;
|   return 0;
| }
configure:16641: g++ -c  -g -DNDEBUG -I/Users/freeman/android-ndk-r8c/platforms/android-9/arch-arm/usr/include/ conftest.cpp >&5
In file included from /usr/include/c++/4.2.1/bits/stl_algobase.h:68,
                 from /usr/include/c++/4.2.1/vector:66,
                 from /usr/include/c++/4.2.1/ext/hashtable.h:68,
                 from /usr/include/c++/4.2.1/ext/hash_map:65,
                 from conftest.cpp:19:
/usr/include/c++/4.2.1/cstdlib:170: error: '::_Exit' has not been declared
/usr/include/c++/4.2.1/cstdlib:199: error: '::strtold' has not been declared
/usr/include/c++/4.2.1/cstdlib:208: error: '__gnu_cxx::_Exit' has not been declared
/usr/include/c++/4.2.1/cstdlib:219: error: '__gnu_cxx::strtold' has not been declared
In file included from /usr/include/c++/4.2.1/bits/postypes.h:46,
                 from /usr/include/c++/4.2.1/iosfwd:49,
                 from /usr/include/c++/4.2.1/bits/stl_algobase.h:70,
                 from /usr/include/c++/4.2.1/vector:66,
                 from /usr/include/c++/4.2.1/ext/hashtable.h:68,
                 from /usr/include/c++/4.2.1/ext/hash_map:65,
                 from conftest.cpp:19:
/usr/include/c++/4.2.1/cwchar:169: error: '::vfwscanf' has not been declared
/usr/include/c++/4.2.1/cwchar:173: error: '::vswscanf' has not been declared
/usr/include/c++/4.2.1/cwchar:177: error: '::vwscanf' has not been declared
/usr/include/c++/4.2.1/cwchar:194: error: '::wcstof' has not been declared
/usr/include/c++/4.2.1/cwchar:253: error: '::wcstold' has not been declared
/usr/include/c++/4.2.1/cwchar:262: error: '::wcstoll' has not been declared
/usr/include/c++/4.2.1/cwchar:263: error: '::wcstoull' has not been declared
/usr/include/c++/4.2.1/cwchar:270: error: '__gnu_cxx::wcstold' has not been declared
/usr/include/c++/4.2.1/cwchar:271: error: '__gnu_cxx::wcstoll' has not been declared
/usr/include/c++/4.2.1/cwchar:272: error: '__gnu_cxx::wcstoull' has not been declared
In file included from /usr/include/c++/4.2.1/bits/locale_facets.h:46,
                 from /usr/include/c++/4.2.1/bits/basic_ios.h:44,
                 from /usr/include/c++/4.2.1/ios:50,
                 from /usr/include/c++/4.2.1/ostream:45,
                 from /usr/include/c++/4.2.1/iterator:70,
                 from /usr/include/c++/4.2.1/ext/hashtable.h:69,
                 from /usr/include/c++/4.2.1/ext/hash_map:65,
                 from conftest.cpp:19:
/usr/include/c++/4.2.1/cwctype:90: error: '::iswblank' has not been declared
In file included from /usr/include/c++/4.2.1/bits/locale_facets.h:47,
                 from /usr/include/c++/4.2.1/bits/basic_ios.h:44,
                 from /usr/include/c++/4.2.1/ios:50,
                 from /usr/include/c++/4.2.1/ostream:45,
                 from /usr/include/c++/4.2.1/iterator:70,
                 from /usr/include/c++/4.2.1/ext/hashtable.h:69,
                 from /usr/include/c++/4.2.1/ext/hash_map:65,
                 from conftest.cpp:19:
/usr/include/c++/4.2.1/bits/ctype_base.h:64: error: '_A' was not declared in this scope
/usr/include/c++/4.2.1/bits/ctype_base.h:65: error: '_D' was not declared in this scope
/usr/include/c++/4.2.1/bits/ctype_base.h:68: error: '_R' was not declared in this scope
/usr/include/c++/4.2.1/bits/ctype_base.h:69: error: '_A' was not declared in this scope
/usr/include/c++/4.2.1/bits/ctype_base.h:69: error: '_D' was not declared in this scope
/usr/include/c++/4.2.1/bits/ctype_base.h:72: error: '_A' was not declared in this scope
/usr/include/c++/4.2.1/bits/ctype_base.h:72: error: '_D' was not declared in this scope
In file included from /usr/include/c++/4.2.1/bits/locale_facets.h:1536,
                 from /usr/include/c++/4.2.1/bits/basic_ios.h:44,
                 from /usr/include/c++/4.2.1/ios:50,
                 from /usr/include/c++/4.2.1/ostream:45,
                 from /usr/include/c++/4.2.1/iterator:70,
                 from /usr/include/c++/4.2.1/ext/hashtable.h:69,
                 from /usr/include/c++/4.2.1/ext/hash_map:65,
                 from conftest.cpp:19:
/usr/include/c++/4.2.1/bits/ctype_inline.h: In member function 'bool std::ctype<char>::is(long unsigned int, char) const':
/usr/include/c++/4.2.1/bits/ctype_inline.h:54: error: '__istype' was not declared in this scope
/usr/include/c++/4.2.1/bits/ctype_inline.h: In member function 'virtual bool std::ctype<wchar_t>::do_is(long unsigned int, wchar_t) const':
/usr/include/c++/4.2.1/bits/ctype_inline.h:129: error: '__istype' was not declared in this scope
/usr/include/c++/4.2.1/bits/ctype_inline.h: In member function 'virtual const wchar_t* std::ctype<wchar_t>::do_is(const wchar_t*, const wchar_t*, long unsigned int*) const':
/usr/include/c++/4.2.1/bits/ctype_inline.h:138: error: '__maskrune' was not declared in this scope
/usr/include/c++/4.2.1/bits/ctype_inline.h: In member function 'virtual const wchar_t* std::ctype<wchar_t>::do_scan_is(long unsigned int, const wchar_t*, const wchar_t*) const':
/usr/include/c++/4.2.1/bits/ctype_inline.h:146: error: '__istype' was not declared in this scope
/usr/include/c++/4.2.1/bits/ctype_inline.h: In member function 'virtual const wchar_t* std::ctype<wchar_t>::do_scan_not(long unsigned int, const wchar_t*, const wchar_t*) const':
/usr/include/c++/4.2.1/bits/ctype_inline.h:155: error: '__istype' was not declared in this scope
configure:16641: $? = 1
configure: failed program was:
| /* confdefs.h */
| #define PACKAGE_NAME "Protocol Buffers"
| #define PACKAGE_TARNAME "protobuf"
| #define PACKAGE_VERSION "2.5.0"
| #define PACKAGE_STRING "Protocol Buffers 2.5.0"
| #define PACKAGE_BUGREPORT "protobuf@googlegroups.com"
| #define PACKAGE_URL ""
| #define PACKAGE "protobuf"
| #define VERSION "2.5.0"
| #define STDC_HEADERS 1
| #define _ALL_SOURCE 1
| #define _GNU_SOURCE 1
| #define _POSIX_PTHREAD_SEMANTICS 1
| #define _TANDEM_SOURCE 1
| #define LT_OBJDIR ".libs/"
| #define STDC_HEADERS 1
| #define HAVE_PTHREAD 1
| /* end confdefs.h.  */
| #include <ext/hash_map>
| int
| main ()
| {
| __gnu_cxx::hash_map<int, int> t
|   ;
|   return 0;
| }
configure:16641: g++ -c  -g -DNDEBUG -I/Users/freeman/android-ndk-r8c/platforms/android-9/arch-arm/usr/include/ conftest.cpp >&5
In file included from /usr/include/c++/4.2.1/bits/stl_algobase.h:68,
                 from /usr/include/c++/4.2.1/vector:66,
                 from /usr/include/c++/4.2.1/ext/hashtable.h:68,
                 from /usr/include/c++/4.2.1/ext/hash_map:65,
                 from conftest.cpp:19:
/usr/include/c++/4.2.1/cstdlib:170: error: '::_Exit' has not been declared
/usr/include/c++/4.2.1/cstdlib:199: error: '::strtold' has not been declared
/usr/include/c++/4.2.1/cstdlib:208: error: '__gnu_cxx::_Exit' has not been declared
/usr/include/c++/4.2.1/cstdlib:219: error: '__gnu_cxx::strtold' has not been declared
In file included from /usr/include/c++/4.2.1/bits/postypes.h:46,
                 from /usr/include/c++/4.2.1/iosfwd:49,
                 from /usr/include/c++/4.2.1/bits/stl_algobase.h:70,
                 from /usr/include/c++/4.2.1/vector:66,
                 from /usr/include/c++/4.2.1/ext/hashtable.h:68,
                 from /usr/include/c++/4.2.1/ext/hash_map:65,
                 from conftest.cpp:19:
/usr/include/c++/4.2.1/cwchar:169: error: '::vfwscanf' has not been declared
/usr/include/c++/4.2.1/cwchar:173: error: '::vswscanf' has not been declared
/usr/include/c++/4.2.1/cwchar:177: error: '::vwscanf' has not been declared
/usr/include/c++/4.2.1/cwchar:194: error: '::wcstof' has not been declared
/usr/include/c++/4.2.1/cwchar:253: error: '::wcstold' has not been declared
/usr/include/c++/4.2.1/cwchar:262: error: '::wcstoll' has not been declared
/usr/include/c++/4.2.1/cwchar:263: error: '::wcstoull' has not been declared
/usr/include/c++/4.2.1/cwchar:270: error: '__gnu_cxx::wcstold' has not been declared
/usr/include/c++/4.2.1/cwchar:271: error: '__gnu_cxx::wcstoll' has not been declared
/usr/include/c++/4.2.1/cwchar:272: error: '__gnu_cxx::wcstoull' has not been declared
In file included from /usr/include/c++/4.2.1/bits/locale_facets.h:46,
                 from /usr/include/c++/4.2.1/bits/basic_ios.h:44,
                 from /usr/include/c++/4.2.1/ios:50,
                 from /usr/include/c++/4.2.1/ostream:45,
                 from /usr/include/c++/4.2.1/iterator:70,
                 from /usr/include/c++/4.2.1/ext/hashtable.h:69,
                 from /usr/include/c++/4.2.1/ext/hash_map:65,
                 from conftest.cpp:19:
/usr/include/c++/4.2.1/cwctype:90: error: '::iswblank' has not been declared
In file included from /usr/include/c++/4.2.1/bits/locale_facets.h:47,
                 from /usr/include/c++/4.2.1/bits/basic_ios.h:44,
                 from /usr/include/c++/4.2.1/ios:50,
                 from /usr/include/c++/4.2.1/ostream:45,
                 from /usr/include/c++/4.2.1/iterator:70,
                 from /usr/include/c++/4.2.1/ext/hashtable.h:69,
                 from /usr/include/c++/4.2.1/ext/hash_map:65,
                 from conftest.cpp:19:
/usr/include/c++/4.2.1/bits/ctype_base.h:64: error: '_A' was not declared in this scope
/usr/include/c++/4.2.1/bits/ctype_base.h:65: error: '_D' was not declared in this scope
/usr/include/c++/4.2.1/bits/ctype_base.h:68: error: '_R' was not declared in this scope
/usr/include/c++/4.2.1/bits/ctype_base.h:69: error: '_A' was not declared in this scope
/usr/include/c++/4.2.1/bits/ctype_base.h:69: error: '_D' was not declared in this scope
/usr/include/c++/4.2.1/bits/ctype_base.h:72: error: '_A' was not declared in this scope
/usr/include/c++/4.2.1/bits/ctype_base.h:72: error: '_D' was not declared in this scope
In file included from /usr/include/c++/4.2.1/bits/locale_facets.h:1536,
                 from /usr/include/c++/4.2.1/bits/basic_ios.h:44,
                 from /usr/include/c++/4.2.1/ios:50,
                 from /usr/include/c++/4.2.1/ostream:45,
                 from /usr/include/c++/4.2.1/iterator:70,
                 from /usr/include/c++/4.2.1/ext/hashtable.h:69,
                 from /usr/include/c++/4.2.1/ext/hash_map:65,
                 from conftest.cpp:19:
/usr/include/c++/4.2.1/bits/ctype_inline.h: In member function 'bool std::ctype<char>::is(long unsigned int, char) const':
/usr/include/c++/4.2.1/bits/ctype_inline.h:54: error: '__istype' was not declared in this scope
/usr/include/c++/4.2.1/bits/ctype_inline.h: In member function 'virtual bool std::ctype<wchar_t>::do_is(long unsigned int, wchar_t) const':
/usr/include/c++/4.2.1/bits/ctype_inline.h:129: error: '__istype' was not declared in this scope
/usr/include/c++/4.2.1/bits/ctype_inline.h: In member function 'virtual const wchar_t* std::ctype<wchar_t>::do_is(const wchar_t*, const wchar_t*, long unsigned int*) const':
/usr/include/c++/4.2.1/bits/ctype_inline.h:138: error: '__maskrune' was not declared in this scope
/usr/include/c++/4.2.1/bits/ctype_inline.h: In member function 'virtual const wchar_t* std::ctype<wchar_t>::do_scan_is(long unsigned int, const wchar_t*, const wchar_t*) const':
/usr/include/c++/4.2.1/bits/ctype_inline.h:146: error: '__istype' was not declared in this scope
/usr/include/c++/4.2.1/bits/ctype_inline.h: In member function 'virtual const wchar_t* std::ctype<wchar_t>::do_scan_not(long unsigned int, const wchar_t*, const wchar_t*) const':
/usr/include/c++/4.2.1/bits/ctype_inline.h:155: error: '__istype' was not declared in this scope
conftest.cpp: In function 'int main()':
conftest.cpp:23: error: '::hash_map' has not been declared
conftest.cpp:23: error: expected primary-expression before 'int'
conftest.cpp:23: error: expected `;' before 'int'
configure:16641: $? = 1
configure: failed program was:
| /* confdefs.h */
| #define PACKAGE_NAME "Protocol Buffers"
| #define PACKAGE_TARNAME "protobuf"
| #define PACKAGE_VERSION "2.5.0"
| #define PACKAGE_STRING "Protocol Buffers 2.5.0"
| #define PACKAGE_BUGREPORT "protobuf@googlegroups.com"
| #define PACKAGE_URL ""
| #define PACKAGE "protobuf"
| #define VERSION "2.5.0"
| #define STDC_HEADERS 1
| #define _ALL_SOURCE 1
| #define _GNU_SOURCE 1
| #define _POSIX_PTHREAD_SEMANTICS 1
| #define _TANDEM_SOURCE 1
| #define LT_OBJDIR ".libs/"
| #define STDC_HEADERS 1
| #define HAVE_PTHREAD 1
| /* end confdefs.h.  */
| #include <ext/hash_map>
| int
| main ()
| {
| ::hash_map<int, int> t
|   ;
|   return 0;
| }
configure:16641: g++ -c  -g -DNDEBUG -I/Users/freeman/android-ndk-r8c/platforms/android-9/arch-arm/usr/include/ conftest.cpp >&5
In file included from /usr/include/c++/4.2.1/bits/stl_algobase.h:68,
                 from /usr/include/c++/4.2.1/vector:66,
                 from /usr/include/c++/4.2.1/ext/hashtable.h:68,
                 from /usr/include/c++/4.2.1/ext/hash_map:65,
                 from conftest.cpp:19:
/usr/include/c++/4.2.1/cstdlib:170: error: '::_Exit' has not been declared
/usr/include/c++/4.2.1/cstdlib:199: error: '::strtold' has not been declared
/usr/include/c++/4.2.1/cstdlib:208: error: '__gnu_cxx::_Exit' has not been declared
/usr/include/c++/4.2.1/cstdlib:219: error: '__gnu_cxx::strtold' has not been declared
In file included from /usr/include/c++/4.2.1/bits/postypes.h:46,
                 from /usr/include/c++/4.2.1/iosfwd:49,
                 from /usr/include/c++/4.2.1/bits/stl_algobase.h:70,
                 from /usr/include/c++/4.2.1/vector:66,
                 from /usr/include/c++/4.2.1/ext/hashtable.h:68,
                 from /usr/include/c++/4.2.1/ext/hash_map:65,
                 from conftest.cpp:19:
/usr/include/c++/4.2.1/cwchar:169: error: '::vfwscanf' has not been declared
/usr/include/c++/4.2.1/cwchar:173: error: '::vswscanf' has not been declared
/usr/include/c++/4.2.1/cwchar:177: error: '::vwscanf' has not been declared
/usr/include/c++/4.2.1/cwchar:194: error: '::wcstof' has not been declared
/usr/include/c++/4.2.1/cwchar:253: error: '::wcstold' has not been declared
/usr/include/c++/4.2.1/cwchar:262: error: '::wcstoll' has not been declared
/usr/include/c++/4.2.1/cwchar:263: error: '::wcstoull' has not been declared
/usr/include/c++/4.2.1/cwchar:270: error: '__gnu_cxx::wcstold' has not been declared
/usr/include/c++/4.2.1/cwchar:271: error: '__gnu_cxx::wcstoll' has not been declared
/usr/include/c++/4.2.1/cwchar:272: error: '__gnu_cxx::wcstoull' has not been declared
In file included from /usr/include/c++/4.2.1/bits/locale_facets.h:46,
                 from /usr/include/c++/4.2.1/bits/basic_ios.h:44,
                 from /usr/include/c++/4.2.1/ios:50,
                 from /usr/include/c++/4.2.1/ostream:45,
                 from /usr/include/c++/4.2.1/iterator:70,
                 from /usr/include/c++/4.2.1/ext/hashtable.h:69,
                 from /usr/include/c++/4.2.1/ext/hash_map:65,
                 from conftest.cpp:19:
/usr/include/c++/4.2.1/cwctype:90: error: '::iswblank' has not been declared
In file included from /usr/include/c++/4.2.1/bits/locale_facets.h:47,
                 from /usr/include/c++/4.2.1/bits/basic_ios.h:44,
                 from /usr/include/c++/4.2.1/ios:50,
                 from /usr/include/c++/4.2.1/ostream:45,
                 from /usr/include/c++/4.2.1/iterator:70,
                 from /usr/include/c++/4.2.1/ext/hashtable.h:69,
                 from /usr/include/c++/4.2.1/ext/hash_map:65,
                 from conftest.cpp:19:
/usr/include/c++/4.2.1/bits/ctype_base.h:64: error: '_A' was not declared in this scope
/usr/include/c++/4.2.1/bits/ctype_base.h:65: error: '_D' was not declared in this scope
/usr/include/c++/4.2.1/bits/ctype_base.h:68: error: '_R' was not declared in this scope
/usr/include/c++/4.2.1/bits/ctype_base.h:69: error: '_A' was not declared in this scope
/usr/include/c++/4.2.1/bits/ctype_base.h:69: error: '_D' was not declared in this scope
/usr/include/c++/4.2.1/bits/ctype_base.h:72: error: '_A' was not declared in this scope
/usr/include/c++/4.2.1/bits/ctype_base.h:72: error: '_D' was not declared in this scope
In file included from /usr/include/c++/4.2.1/bits/locale_facets.h:1536,
                 from /usr/include/c++/4.2.1/bits/basic_ios.h:44,
                 from /usr/include/c++/4.2.1/ios:50,
                 from /usr/include/c++/4.2.1/ostream:45,
                 from /usr/include/c++/4.2.1/iterator:70,
                 from /usr/include/c++/4.2.1/ext/hashtable.h:69,
                 from /usr/include/c++/4.2.1/ext/hash_map:65,
                 from conftest.cpp:19:
/usr/include/c++/4.2.1/bits/ctype_inline.h: In member function 'bool std::ctype<char>::is(long unsigned int, char) const':
/usr/include/c++/4.2.1/bits/ctype_inline.h:54: error: '__istype' was not declared in this scope
/usr/include/c++/4.2.1/bits/ctype_inline.h: In member function 'virtual bool std::ctype<wchar_t>::do_is(long unsigned int, wchar_t) const':
/usr/include/c++/4.2.1/bits/ctype_inline.h:129: error: '__istype' was not declared in this scope
/usr/include/c++/4.2.1/bits/ctype_inline.h: In member function 'virtual const wchar_t* std::ctype<wchar_t>::do_is(const wchar_t*, const wchar_t*, long unsigned int*) const':
/usr/include/c++/4.2.1/bits/ctype_inline.h:138: error: '__maskrune' was not declared in this scope
/usr/include/c++/4.2.1/bits/ctype_inline.h: In member function 'virtual const wchar_t* std::ctype<wchar_t>::do_scan_is(long unsigned int, const wchar_t*, const wchar_t*) const':
/usr/include/c++/4.2.1/bits/ctype_inline.h:146: error: '__istype' was not declared in this scope
/usr/include/c++/4.2.1/bits/ctype_inline.h: In member function 'virtual const wchar_t* std::ctype<wchar_t>::do_scan_not(long unsigned int, const wchar_t*, const wchar_t*) const':
/usr/include/c++/4.2.1/bits/ctype_inline.h:155: error: '__istype' was not declared in this scope
conftest.cpp: In function 'int main()':
conftest.cpp:23: error: 'hash_map' is not a member of 'std'
conftest.cpp:23: error: expected primary-expression before 'int'
conftest.cpp:23: error: expected `;' before 'int'
configure:16641: $? = 1
configure: failed program was:
| /* confdefs.h */
| #define PACKAGE_NAME "Protocol Buffers"
| #define PACKAGE_TARNAME "protobuf"
| #define PACKAGE_VERSION "2.5.0"
| #define PACKAGE_STRING "Protocol Buffers 2.5.0"
| #define PACKAGE_BUGREPORT "protobuf@googlegroups.com"
| #define PACKAGE_URL ""
| #define PACKAGE "protobuf"
| #define VERSION "2.5.0"
| #define STDC_HEADERS 1
| #define _ALL_SOURCE 1
| #define _GNU_SOURCE 1
| #define _POSIX_PTHREAD_SEMANTICS 1
| #define _TANDEM_SOURCE 1
| #define LT_OBJDIR ".libs/"
| #define STDC_HEADERS 1
| #define HAVE_PTHREAD 1
| /* end confdefs.h.  */
| #include <ext/hash_map>
| int
| main ()
| {
| std::hash_map<int, int> t
|   ;
|   return 0;
| }
configure:16641: g++ -c  -g -DNDEBUG -I/Users/freeman/android-ndk-r8c/platforms/android-9/arch-arm/usr/include/ conftest.cpp >&5
In file included from /usr/include/c++/4.2.1/bits/stl_algobase.h:68,
                 from /usr/include/c++/4.2.1/vector:66,
                 from /usr/include/c++/4.2.1/ext/hashtable.h:68,
                 from /usr/include/c++/4.2.1/ext/hash_map:65,
                 from conftest.cpp:19:
/usr/include/c++/4.2.1/cstdlib:170: error: '::_Exit' has not been declared
/usr/include/c++/4.2.1/cstdlib:199: error: '::strtold' has not been declared
/usr/include/c++/4.2.1/cstdlib:208: error: '__gnu_cxx::_Exit' has not been declared
/usr/include/c++/4.2.1/cstdlib:219: error: '__gnu_cxx::strtold' has not been declared
In file included from /usr/include/c++/4.2.1/bits/postypes.h:46,
                 from /usr/include/c++/4.2.1/iosfwd:49,
                 from /usr/include/c++/4.2.1/bits/stl_algobase.h:70,
                 from /usr/include/c++/4.2.1/vector:66,
                 from /usr/include/c++/4.2.1/ext/hashtable.h:68,
                 from /usr/include/c++/4.2.1/ext/hash_map:65,
                 from conftest.cpp:19:
/usr/include/c++/4.2.1/cwchar:169: error: '::vfwscanf' has not been declared
/usr/include/c++/4.2.1/cwchar:173: error: '::vswscanf' has not been declared
/usr/include/c++/4.2.1/cwchar:177: error: '::vwscanf' has not been declared
/usr/include/c++/4.2.1/cwchar:194: error: '::wcstof' has not been declared
/usr/include/c++/4.2.1/cwchar:253: error: '::wcstold' has not been declared
/usr/include/c++/4.2.1/cwchar:262: error: '::wcstoll' has not been declared
/usr/include/c++/4.2.1/cwchar:263: error: '::wcstoull' has not been declared
/usr/include/c++/4.2.1/cwchar:270: error: '__gnu_cxx::wcstold' has not been declared
/usr/include/c++/4.2.1/cwchar:271: error: '__gnu_cxx::wcstoll' has not been declared
/usr/include/c++/4.2.1/cwchar:272: error: '__gnu_cxx::wcstoull' has not been declared
In file included from /usr/include/c++/4.2.1/bits/locale_facets.h:46,
                 from /usr/include/c++/4.2.1/bits/basic_ios.h:44,
                 from /usr/include/c++/4.2.1/ios:50,
                 from /usr/include/c++/4.2.1/ostream:45,
                 from /usr/include/c++/4.2.1/iterator:70,
                 from /usr/include/c++/4.2.1/ext/hashtable.h:69,
                 from /usr/include/c++/4.2.1/ext/hash_map:65,
                 from conftest.cpp:19:
/usr/include/c++/4.2.1/cwctype:90: error: '::iswblank' has not been declared
In file included from /usr/include/c++/4.2.1/bits/locale_facets.h:47,
                 from /usr/include/c++/4.2.1/bits/basic_ios.h:44,
                 from /usr/include/c++/4.2.1/ios:50,
                 from /usr/include/c++/4.2.1/ostream:45,
                 from /usr/include/c++/4.2.1/iterator:70,
                 from /usr/include/c++/4.2.1/ext/hashtable.h:69,
                 from /usr/include/c++/4.2.1/ext/hash_map:65,
                 from conftest.cpp:19:
/usr/include/c++/4.2.1/bits/ctype_base.h:64: error: '_A' was not declared in this scope
/usr/include/c++/4.2.1/bits/ctype_base.h:65: error: '_D' was not declared in this scope
/usr/include/c++/4.2.1/bits/ctype_base.h:68: error: '_R' was not declared in this scope
/usr/include/c++/4.2.1/bits/ctype_base.h:69: error: '_A' was not declared in this scope
/usr/include/c++/4.2.1/bits/ctype_base.h:69: error: '_D' was not declared in this scope
/usr/include/c++/4.2.1/bits/ctype_base.h:72: error: '_A' was not declared in this scope
/usr/include/c++/4.2.1/bits/ctype_base.h:72: error: '_D' was not declared in this scope
In file included from /usr/include/c++/4.2.1/bits/locale_facets.h:1536,
                 from /usr/include/c++/4.2.1/bits/basic_ios.h:44,
                 from /usr/include/c++/4.2.1/ios:50,
                 from /usr/include/c++/4.2.1/ostream:45,
                 from /usr/include/c++/4.2.1/iterator:70,
                 from /usr/include/c++/4.2.1/ext/hashtable.h:69,
                 from /usr/include/c++/4.2.1/ext/hash_map:65,
                 from conftest.cpp:19:
/usr/include/c++/4.2.1/bits/ctype_inline.h: In member function 'bool std::ctype<char>::is(long unsigned int, char) const':
/usr/include/c++/4.2.1/bits/ctype_inline.h:54: error: '__istype' was not declared in this scope
/usr/include/c++/4.2.1/bits/ctype_inline.h: In member function 'virtual bool std::ctype<wchar_t>::do_is(long unsigned int, wchar_t) const':
/usr/include/c++/4.2.1/bits/ctype_inline.h:129: error: '__istype' was not declared in this scope
/usr/include/c++/4.2.1/bits/ctype_inline.h: In member function 'virtual const wchar_t* std::ctype<wchar_t>::do_is(const wchar_t*, const wchar_t*, long unsigned int*) const':
/usr/include/c++/4.2.1/bits/ctype_inline.h:138: error: '__maskrune' was not declared in this scope
/usr/include/c++/4.2.1/bits/ctype_inline.h: In member function 'virtual const wchar_t* std::ctype<wchar_t>::do_scan_is(long unsigned int, const wchar_t*, const wchar_t*) const':
/usr/include/c++/4.2.1/bits/ctype_inline.h:146: error: '__istype' was not declared in this scope
/usr/include/c++/4.2.1/bits/ctype_inline.h: In member function 'virtual const wchar_t* std::ctype<wchar_t>::do_scan_not(long unsigned int, const wchar_t*, const wchar_t*) const':
/usr/include/c++/4.2.1/bits/ctype_inline.h:155: error: '__istype' was not declared in this scope
conftest.cpp: In function 'int main()':
conftest.cpp:23: error: 'stdext' has not been declared
conftest.cpp:23: error: expected primary-expression before 'int'
conftest.cpp:23: error: expected `;' before 'int'
configure:16641: $? = 1
configure: failed program was:
| /* confdefs.h */
| #define PACKAGE_NAME "Protocol Buffers"
| #define PACKAGE_TARNAME "protobuf"
| #define PACKAGE_VERSION "2.5.0"
| #define PACKAGE_STRING "Protocol Buffers 2.5.0"
| #define PACKAGE_BUGREPORT "protobuf@googlegroups.com"
| #define PACKAGE_URL ""
| #define PACKAGE "protobuf"
| #define VERSION "2.5.0"
| #define STDC_HEADERS 1
| #define _ALL_SOURCE 1
| #define _GNU_SOURCE 1
| #define _POSIX_PTHREAD_SEMANTICS 1
| #define _TANDEM_SOURCE 1
| #define LT_OBJDIR ".libs/"
| #define STDC_HEADERS 1
| #define HAVE_PTHREAD 1
| /* end confdefs.h.  */
| #include <ext/hash_map>
| int
| main ()
| {
| stdext::hash_map<int, int> t
|   ;
|   return 0;
| }
configure:16641: g++ -c  -g -DNDEBUG -I/Users/freeman/android-ndk-r8c/platforms/android-9/arch-arm/usr/include/ conftest.cpp >&5
conftest.cpp:19:20: error: hash_map: No such file or directory
conftest.cpp: In function 'int main()':
conftest.cpp:23: error: '__gnu_cxx' has not been declared
conftest.cpp:23: error: expected primary-expression before 'int'
conftest.cpp:23: error: expected `;' before 'int'
configure:16641: $? = 1
configure: failed program was:
| /* confdefs.h */
| #define PACKAGE_NAME "Protocol Buffers"
| #define PACKAGE_TARNAME "protobuf"
| #define PACKAGE_VERSION "2.5.0"
| #define PACKAGE_STRING "Protocol Buffers 2.5.0"
| #define PACKAGE_BUGREPORT "protobuf@googlegroups.com"
| #define PACKAGE_URL ""
| #define PACKAGE "protobuf"
| #define VERSION "2.5.0"
| #define STDC_HEADERS 1
| #define _ALL_SOURCE 1
| #define _GNU_SOURCE 1
| #define _POSIX_PTHREAD_SEMANTICS 1
| #define _TANDEM_SOURCE 1
| #define LT_OBJDIR ".libs/"
| #define STDC_HEADERS 1
| #define HAVE_PTHREAD 1
| /* end confdefs.h.  */
| #include <hash_map>
| int
| main ()
| {
| __gnu_cxx::hash_map<int, int> t
|   ;
|   return 0;
| }
configure:16641: g++ -c  -g -DNDEBUG -I/Users/freeman/android-ndk-r8c/platforms/android-9/arch-arm/usr/include/ conftest.cpp >&5
conftest.cpp:19:20: error: hash_map: No such file or directory
conftest.cpp: In function 'int main()':
conftest.cpp:23: error: '::hash_map' has not been declared
conftest.cpp:23: error: expected primary-expression before 'int'
conftest.cpp:23: error: expected `;' before 'int'
configure:16641: $? = 1
configure: failed program was:
| /* confdefs.h */
| #define PACKAGE_NAME "Protocol Buffers"
| #define PACKAGE_TARNAME "protobuf"
| #define PACKAGE_VERSION "2.5.0"
| #define PACKAGE_STRING "Protocol Buffers 2.5.0"
| #define PACKAGE_BUGREPORT "protobuf@googlegroups.com"
| #define PACKAGE_URL ""
| #define PACKAGE "protobuf"
| #define VERSION "2.5.0"
| #define STDC_HEADERS 1
| #define _ALL_SOURCE 1
| #define _GNU_SOURCE 1
| #define _POSIX_PTHREAD_SEMANTICS 1
| #define _TANDEM_SOURCE 1
| #define LT_OBJDIR ".libs/"
| #define STDC_HEADERS 1
| #define HAVE_PTHREAD 1
| /* end confdefs.h.  */
| #include <hash_map>
| int
| main ()
| {
| ::hash_map<int, int> t
|   ;
|   return 0;
| }
configure:16641: g++ -c  -g -DNDEBUG -I/Users/freeman/android-ndk-r8c/platforms/android-9/arch-arm/usr/include/ conftest.cpp >&5
conftest.cpp:19:20: error: hash_map: No such file or directory
conftest.cpp: In function 'int main()':
conftest.cpp:23: error: 'hash_map' is not a member of 'std'
conftest.cpp:23: error: expected primary-expression before 'int'
conftest.cpp:23: error: expected `;' before 'int'
configure:16641: $? = 1
configure: failed program was:
| /* confdefs.h */
| #define PACKAGE_NAME "Protocol Buffers"
| #define PACKAGE_TARNAME "protobuf"
| #define PACKAGE_VERSION "2.5.0"
| #define PACKAGE_STRING "Protocol Buffers 2.5.0"
| #define PACKAGE_BUGREPORT "protobuf@googlegroups.com"
| #define PACKAGE_URL ""
| #define PACKAGE "protobuf"
| #define VERSION "2.5.0"
| #define STDC_HEADERS 1
| #define _ALL_SOURCE 1
| #define _GNU_SOURCE 1
| #define _POSIX_PTHREAD_SEMANTICS 1
| #define _TANDEM_SOURCE 1
| #define LT_OBJDIR ".libs/"
| #define STDC_HEADERS 1
| #define HAVE_PTHREAD 1
| /* end confdefs.h.  */
| #include <hash_map>
| int
| main ()
| {
| std::hash_map<int, int> t
|   ;
|   return 0;
| }
configure:16641: g++ -c  -g -DNDEBUG -I/Users/freeman/android-ndk-r8c/platforms/android-9/arch-arm/usr/include/ conftest.cpp >&5
conftest.cpp:19:20: error: hash_map: No such file or directory
conftest.cpp: In function 'int main()':
conftest.cpp:23: error: 'stdext' has not been declared
conftest.cpp:23: error: expected primary-expression before 'int'
conftest.cpp:23: error: expected `;' before 'int'
configure:16641: $? = 1
configure: failed program was:
| /* confdefs.h */
| #define PACKAGE_NAME "Protocol Buffers"
| #define PACKAGE_TARNAME "protobuf"
| #define PACKAGE_VERSION "2.5.0"
| #define PACKAGE_STRING "Protocol Buffers 2.5.0"
| #define PACKAGE_BUGREPORT "protobuf@googlegroups.com"
| #define PACKAGE_URL ""
| #define PACKAGE "protobuf"
| #define VERSION "2.5.0"
| #define STDC_HEADERS 1
| #define _ALL_SOURCE 1
| #define _GNU_SOURCE 1
| #define _POSIX_PTHREAD_SEMANTICS 1
| #define _TANDEM_SOURCE 1
| #define LT_OBJDIR ".libs/"
| #define STDC_HEADERS 1
| #define HAVE_PTHREAD 1
| /* end confdefs.h.  */
| #include <hash_map>
| int
| main ()
| {
| stdext::hash_map<int, int> t
|   ;
|   return 0;
| }
configure:16687: result: 
configure:16689: WARNING: could not find an STL hash_map
configure:16856: creating ./config.status

## ---------------- ##
## Cache variables. ##
## ---------------- ##

ac_cv_build=i386-apple-darwin12.3.0
ac_cv_c_compiler_gnu=yes
ac_cv_cxx_compiler_gnu=yes
ac_cv_cxx_hash_map=
ac_cv_cxx_hash_set=
ac_cv_cxx_hash_set_class=
ac_cv_env_CCC_set=
ac_cv_env_CCC_value=
ac_cv_env_CC_set=set
ac_cv_env_CC_value=/Users/freeman/android-ndk-r8c/toolchains/arm-linux-androideabi-4.4.3/prebuilt/darwin-x86/bin/arm-linux-androideabi-gcc
ac_cv_env_CFLAGS_set=set
ac_cv_env_CFLAGS_value='-fPIC -DANDROID -nostdlib'
ac_cv_env_CPPFLAGS_set=set
ac_cv_env_CPPFLAGS_value=-I/Users/freeman/android-ndk-r8c/platforms/android-9/arch-arm/usr/include/
ac_cv_env_CXXCPP_set=
ac_cv_env_CXXCPP_value=
ac_cv_env_CXXFLAGS_set=
ac_cv_env_CXXFLAGS_value=
ac_cv_env_CXX_set=
ac_cv_env_CXX_value=
ac_cv_env_LDFLAGS_set=set
ac_cv_env_LDFLAGS_value='-Wl,-rpath-link=/Users/freeman/android-ndk-r8c/platforms/android-9/arch-arm/usr/lib/ -L/Users/freeman/android-ndk-r8c/platforms/android-9/arch-arm/usr/lib/'
ac_cv_env_LIBS_set=set
ac_cv_env_LIBS_value=-lc
ac_cv_env_build_alias_set=
ac_cv_env_build_alias_value=
ac_cv_env_host_alias_set=set
ac_cv_env_host_alias_value=arm-eabi
ac_cv_env_target_alias_set=
ac_cv_env_target_alias_value=
ac_cv_func_ftruncate=no
ac_cv_func_memcmp_working=no
ac_cv_func_memset=no
ac_cv_func_mkdir=no
ac_cv_func_pow=no
ac_cv_func_strchr=no
ac_cv_func_strerror=no
ac_cv_func_strtod=no
ac_cv_func_strtol=no
ac_cv_have_decl___SUNPRO_CC=no
ac_cv_header_dlfcn_h=no
ac_cv_header_fcntl_h=no
ac_cv_header_inttypes_h=no
ac_cv_header_limits_h=no
ac_cv_header_memory_h=no
ac_cv_header_minix_config_h=no
ac_cv_header_stdc=yes
ac_cv_header_stdint_h=no
ac_cv_header_stdlib_h=no
ac_cv_header_string_h=no
ac_cv_header_strings_h=no
ac_cv_header_sys_stat_h=no
ac_cv_header_sys_types_h=no
ac_cv_header_unistd_h=no
ac_cv_host=arm-unknown-eabi
ac_cv_lib_m_pow=no
ac_cv_objext=o
ac_cv_path_EGREP='/usr/bin/grep -E'
ac_cv_path_FGREP='/usr/bin/grep -F'
ac_cv_path_GREP=/usr/bin/grep
ac_cv_path_SED=/usr/bin/sed
ac_cv_path_install='/usr/bin/install -c'
ac_cv_prog_AWK=awk
ac_cv_prog_CC=/Users/freeman/android-ndk-r8c/toolchains/arm-linux-androideabi-4.4.3/prebuilt/darwin-x86/bin/arm-linux-androideabi-gcc
ac_cv_prog_CXXCPP='g++ -E'
ac_cv_prog_STRIP=strip
ac_cv_prog_ac_ct_AR=ar
ac_cv_prog_ac_ct_CXX=g++
ac_cv_prog_ac_ct_DUMPBIN='link -dump'
ac_cv_prog_ac_ct_RANLIB=ranlib
ac_cv_prog_ac_ct_STRIP=strip
ac_cv_prog_cc_c89=
ac_cv_prog_cc_g=yes
ac_cv_prog_cxx_g=yes
ac_cv_prog_make_make_set=yes
ac_cv_safe_to_define___extensions__=no
ac_cv_search_zlibVersion=no
ac_cv_target=arm-unknown-eabi
am_cv_CC_dependencies_compiler_type=gcc3
am_cv_CXX_dependencies_compiler_type=gcc3
lt_cv_ar_at_file=no
lt_cv_archive_cmds_need_lc=no
lt_cv_deplibs_check_method=unknown
lt_cv_file_magic_cmd='$MAGIC_CMD'
lt_cv_file_magic_test_file=
lt_cv_ld_reload_flag=-r
lt_cv_nm_interface='BSD nm'
lt_cv_objdir=.libs
lt_cv_path_LD=/Users/freeman/android-ndk-r8c/toolchains/arm-linux-androideabi-4.4.3/prebuilt/darwin-x86/arm-linux-androideabi/bin/ld
lt_cv_path_LDCXX=/Users/freeman/android-ndk-r8c/toolchains/arm-linux-androideabi-4.4.3/prebuilt/darwin-x86/arm-linux-androideabi/bin/ld
lt_cv_path_NM=no
lt_cv_path_mainfest_tool=no
lt_cv_prog_compiler_c_o=yes
lt_cv_prog_compiler_c_o_CXX=yes
lt_cv_prog_compiler_pic='-fPIC -DPIC'
lt_cv_prog_compiler_pic_CXX='-fPIC -DPIC'
lt_cv_prog_compiler_pic_works=yes
lt_cv_prog_compiler_pic_works_CXX=yes
lt_cv_prog_compiler_rtti_exceptions=no
lt_cv_prog_compiler_static_works=no
lt_cv_prog_compiler_static_works_CXX=no
lt_cv_prog_gnu_ld=yes
lt_cv_prog_gnu_ldcxx=yes
lt_cv_sharedlib_from_linklib_cmd='printf %s\n'
lt_cv_sys_global_symbol_pipe=
lt_cv_sys_global_symbol_to_c_name_address='sed -n -e '\''s/^: \([^ ]*\)[ ]*$/  {\"\1\", (void *) 0},/p'\'' -e '\''s/^[BCDEGRST]* \([^ ]*\) \([^ ]*\)$/  {"\2", (void *) \&\2},/p'\'''
lt_cv_sys_global_symbol_to_c_name_address_lib_prefix='sed -n -e '\''s/^: \([^ ]*\)[ ]*$/  {\"\1\", (void *) 0},/p'\'' -e '\''s/^[BCDEGRST]* \([^ ]*\) \(lib[^ ]*\)$/  {"\2", (void *) \&\2},/p'\'' -e '\''s/^[BCDEGRST]* \([^ ]*\) \([^ ]*\)$/  {"lib\2", (void *) \&\2},/p'\'''
lt_cv_sys_global_symbol_to_cdecl=
lt_cv_sys_max_cmd_len=196608
lt_cv_to_host_file_cmd=func_convert_file_noop
lt_cv_to_tool_file_cmd=func_convert_file_noop

## ----------------- ##
## Output variables. ##
## ----------------- ##

ACLOCAL='${SHELL} /Users/freeman/repos/cloudbox++/libs/protobuf-2.5.0/missing --run aclocal-1.11'
AMDEPBACKSLASH='\'
AMDEP_FALSE='#'
AMDEP_TRUE=''
AMTAR='$${TAR-tar}'
AR='ar'
AUTOCONF='${SHELL} /Users/freeman/repos/cloudbox++/libs/protobuf-2.5.0/missing --run autoconf'
AUTOHEADER='${SHELL} /Users/freeman/repos/cloudbox++/libs/protobuf-2.5.0/missing --run autoheader'
AUTOMAKE='${SHELL} /Users/freeman/repos/cloudbox++/libs/protobuf-2.5.0/missing --run automake-1.11'
AWK='awk'
CC='/Users/freeman/android-ndk-r8c/toolchains/arm-linux-androideabi-4.4.3/prebuilt/darwin-x86/bin/arm-linux-androideabi-gcc'
CCDEPMODE='depmode=gcc3'
CFLAGS='-fPIC -DANDROID -nostdlib'
CPPFLAGS='-I/Users/freeman/android-ndk-r8c/platforms/android-9/arch-arm/usr/include/'
CXX='g++'
CXXCPP='g++ -E'
CXXDEPMODE='depmode=gcc3'
CXXFLAGS=' -g -DNDEBUG'
CYGPATH_W='echo'
DEFS='-DHAVE_CONFIG_H'
DEPDIR='.deps'
DLLTOOL='false'
DSYMUTIL=''
DUMPBIN=':'
ECHO_C='\c'
ECHO_N=''
ECHO_T=''
EGREP='/usr/bin/grep -E'
EXEEXT=''
FGREP='/usr/bin/grep -F'
GCC_FALSE='#'
GCC_TRUE=''
GREP='/usr/bin/grep'
HAVE_ZLIB_FALSE=''
HAVE_ZLIB_TRUE='#'
INSTALL_DATA='${INSTALL} -m 644'
INSTALL_PROGRAM='${INSTALL}'
INSTALL_SCRIPT='${INSTALL}'
INSTALL_STRIP_PROGRAM='$(install_sh) -c -s'
ISAINFO=''
LD='/Users/freeman/android-ndk-r8c/toolchains/arm-linux-androideabi-4.4.3/prebuilt/darwin-x86/arm-linux-androideabi/bin/ld'
LDFLAGS='-Wl,-rpath-link=/Users/freeman/android-ndk-r8c/platforms/android-9/arch-arm/usr/lib/ -L/Users/freeman/android-ndk-r8c/platforms/android-9/arch-arm/usr/lib/'
LIBOBJS=' ${LIBOBJDIR}memcmp$U.o ${LIBOBJDIR}strtod$U.o'
LIBS='-lc'
LIBTOOL='$(SHELL) $(top_builddir)/libtool'
LIPO=''
LN_S='ln -s'
LTLIBOBJS=' ${LIBOBJDIR}memcmp$U.lo ${LIBOBJDIR}strtod$U.lo'
MAINT=''
MAINTAINER_MODE_FALSE='#'
MAINTAINER_MODE_TRUE=''
MAKEINFO='${SHELL} /Users/freeman/repos/cloudbox++/libs/protobuf-2.5.0/missing --run makeinfo'
MANIFEST_TOOL=':'
MKDIR_P='./install-sh -c -d'
NM='nm'
NMEDIT=''
OBJDUMP='false'
OBJEXT='o'
OTOOL64=''
OTOOL=''
PACKAGE='protobuf'
PACKAGE_BUGREPORT='protobuf@googlegroups.com'
PACKAGE_NAME='Protocol Buffers'
PACKAGE_STRING='Protocol Buffers 2.5.0'
PACKAGE_TARNAME='protobuf'
PACKAGE_URL=''
PACKAGE_VERSION='2.5.0'
PATH_SEPARATOR=':'
POW_LIB=''
PROTOBUF_OPT_FLAG='-O2'
PROTOC='protoc'
PTHREAD_CC='/Users/freeman/android-ndk-r8c/toolchains/arm-linux-androideabi-4.4.3/prebuilt/darwin-x86/bin/arm-linux-androideabi-gcc'
PTHREAD_CFLAGS=''
PTHREAD_LIBS=''
RANLIB='ranlib'
SED='/usr/bin/sed'
SET_MAKE=''
SHELL='/bin/sh'
STRIP='strip'
USE_EXTERNAL_PROTOC_FALSE='#'
USE_EXTERNAL_PROTOC_TRUE=''
VERSION='2.5.0'
ac_ct_AR='ar'
ac_ct_CC=''
ac_ct_CXX='g++'
ac_ct_DUMPBIN='link -dump'
acx_pthread_config=''
am__EXEEXT_FALSE=''
am__EXEEXT_TRUE='#'
am__fastdepCC_FALSE='#'
am__fastdepCC_TRUE=''
am__fastdepCXX_FALSE='#'
am__fastdepCXX_TRUE=''
am__include='include'
am__isrc=''
am__leading_dot='.'
am__nodep='_no'
am__quote=''
am__tar='$${TAR-tar} chof - "$$tardir"'
am__untar='$${TAR-tar} xf -'
bindir='${exec_prefix}/bin'
build='i386-apple-darwin12.3.0'
build_alias=''
build_cpu='i386'
build_os='darwin12.3.0'
build_vendor='apple'
datadir='${datarootdir}'
datarootdir='${prefix}/share'
docdir='${datarootdir}/doc/${PACKAGE_TARNAME}'
dvidir='${docdir}'
exec_prefix='${prefix}'
host='arm-unknown-eabi'
host_alias='arm-eabi'
host_cpu='arm'
host_os='eabi'
host_vendor='unknown'
htmldir='${docdir}'
includedir='${prefix}/include'
infodir='${datarootdir}/info'
install_sh='${SHELL} /Users/freeman/repos/cloudbox++/libs/protobuf-2.5.0/install-sh'
libdir='${exec_prefix}/lib'
libexecdir='${exec_prefix}/libexec'
localedir='${datarootdir}/locale'
localstatedir='${prefix}/var'
mandir='${datarootdir}/man'
mkdir_p='$(top_builddir)/./install-sh -c -d'
oldincludedir='/usr/include'
pdfdir='${docdir}'
prefix='/usr/local'
program_transform_name='s,x,x,'
psdir='${docdir}'
sbindir='${exec_prefix}/sbin'
sharedstatedir='${prefix}/com'
subdirs=' gtest'
sysconfdir='${prefix}/etc'
target='arm-unknown-eabi'
target_alias=''
target_cpu='arm'
target_os='eabi'
target_vendor='unknown'

## ----------- ##
## confdefs.h. ##
## ----------- ##

/* confdefs.h */
#define PACKAGE_NAME "Protocol Buffers"
#define PACKAGE_TARNAME "protobuf"
#define PACKAGE_VERSION "2.5.0"
#define PACKAGE_STRING "Protocol Buffers 2.5.0"
#define PACKAGE_BUGREPORT "protobuf@googlegroups.com"
#define PACKAGE_URL ""
#define PACKAGE "protobuf"
#define VERSION "2.5.0"
#define STDC_HEADERS 1
#define _ALL_SOURCE 1
#define _GNU_SOURCE 1
#define _POSIX_PTHREAD_SEMANTICS 1
#define _TANDEM_SOURCE 1
#define LT_OBJDIR ".libs/"
#define STDC_HEADERS 1
#define HAVE_PTHREAD 1

configure: exit 0

## ---------------------- ##
## Running config.status. ##
## ---------------------- ##

This file was extended by Protocol Buffers config.status 2.5.0, which was
generated by GNU Autoconf 2.69.  Invocation command line was

  CONFIG_FILES    = 
  CONFIG_HEADERS  = 
  CONFIG_LINKS    = 
  CONFIG_COMMANDS = 
  $ ./config.status 

on Alexs-MacBook-Pro.local

config.status:1157: creating Makefile
config.status:1157: creating src/Makefile
config.status:1157: creating protobuf.pc
config.status:1157: creating protobuf-lite.pc
config.status:1157: creating config.h
config.status:1338: config.h is unchanged
config.status:1386: executing depfiles commands
config.status:1386: executing libtool commands
